2025-10-21 18:34:17,492 [INFO] Activator:176 - 


2025-10-21 18:34:17,493 [INFO] Activator:177 - !SESSION log4j initialized
2025-10-21 18:34:20,455 [INFO] LogOutputStream:77 - [STDOUT_REDIRECT] 
2025-10-21 18:34:22,744 [INFO] ApplicationProperties:184 - Using Application install path: D:\CubeIDE\STM32CubeIDE_1.19.0\STM32CubeIDE\plugins\com.st.stm32cube.common.mx_6.15.0.202507011659
2025-10-21 18:34:22,759 [INFO] DbMcusXml:78 - Set database path to: D:\CubeIDE\STM32CubeIDE_1.19.0\STM32CubeIDE\plugins\com.st.stm32cube.common.mx_6.15.0.202507011659\\db\/mcu/
2025-10-21 18:34:22,759 [INFO] ApiDb:274 - Set plugin database path to: D:\CubeIDE\STM32CubeIDE_1.19.0\STM32CubeIDE\plugins\com.st.stm32cube.common.mx_6.15.0.202507011659\\db\/plugins/boardmanager/
2025-10-21 18:34:22,759 [WARN] ApiDb:259 - Overriding images path with different value:  => D:\CubeIDE\STM32CubeIDE_1.19.0\STM32CubeIDE\plugins\com.st.stm32cube.common.mx_6.15.0.202507011659\\db\/plugins/mcufinder/images/
2025-10-21 18:34:22,765 [INFO] ApiDb:250 - Set database path to: C:\Users\MR\.stmcufinder\plugins\mcufinder//mcu/
2025-10-21 18:34:22,766 [INFO] DbMcusAds:125 - Set database path to: C:\Users\MR\.stmcufinder\plugins\mcufinder//mcu/
2025-10-21 18:34:22,768 [INFO] CrossReferenceDbSqlite:203 - Set database path to: C:\Users\MR\.stmcufinder\plugins\mcufinder//mcu/cs/
2025-10-21 18:34:22,861 [INFO] RulesReader:64 - Compatibility file has been processed (317 Rules)
2025-10-21 18:34:22,939 [INFO] DbMcusXml:78 - Set database path to: D:\CubeIDE\STM32CubeIDE_1.19.0\STM32CubeIDE\plugins\com.st.stm32cube.common.mx_6.15.0.202507011659\\db\/mcu/
2025-10-21 18:34:22,939 [INFO] ApiDb:274 - Set plugin database path to: D:\CubeIDE\STM32CubeIDE_1.19.0\STM32CubeIDE\plugins\com.st.stm32cube.common.mx_6.15.0.202507011659\\db\/plugins/boardmanager/
2025-10-21 18:34:22,939 [INFO] ApiDb:261 - Set plugin images path to: D:\CubeIDE\STM32CubeIDE_1.19.0\STM32CubeIDE\plugins\com.st.stm32cube.common.mx_6.15.0.202507011659\\db\/plugins/mcufinder/images/
2025-10-21 18:34:22,939 [WARN] DbFile:41 - Overriding database path with different value: C:\Users\MR\.stmcufinder\plugins\mcufinder/ => C:\Users\MR\.stmcufinder\plugins\mcufinder
2025-10-21 18:34:22,939 [INFO] ApiDb:250 - Set database path to: C:\Users\MR\.stmcufinder\plugins\mcufinder//mcu/
2025-10-21 18:34:22,939 [WARN] DbFile:41 - Overriding database path with different value: C:\Users\MR\.stmcufinder\plugins\mcufinder/ => C:\Users\MR\.stmcufinder\plugins\mcufinder
2025-10-21 18:34:22,939 [INFO] DbMcusAds:125 - Set database path to: C:\Users\MR\.stmcufinder\plugins\mcufinder//mcu/
2025-10-21 18:34:22,940 [WARN] DbFile:41 - Overriding database path with different value: C:\Users\MR\.stmcufinder\plugins\mcufinder/ => C:\Users\MR\.stmcufinder\plugins\mcufinder
2025-10-21 18:34:22,940 [WARN] DbFile:41 - Overriding database path with different value: C:\Users\MR\.stmcufinder\plugins\mcufinder/ => C:\Users\MR\.stmcufinder\plugins\mcufinder
2025-10-21 18:34:22,940 [INFO] CrossReferenceDbSqlite:203 - Set database path to: C:\Users\MR\.stmcufinder\plugins\mcufinder//mcu/cs/
2025-10-21 18:34:23,010 [INFO] MainPanel:274 - HeapMemory: 268435456
2025-10-21 18:34:23,078 [INFO] DbMcusXml:78 - Set database path to: D:\CubeIDE\STM32CubeIDE_1.19.0\STM32CubeIDE\plugins\com.st.stm32cube.common.mx_6.15.0.202507011659\\db\/mcu/
2025-10-21 18:34:23,078 [INFO] ApiDb:274 - Set plugin database path to: D:\CubeIDE\STM32CubeIDE_1.19.0\STM32CubeIDE\plugins\com.st.stm32cube.common.mx_6.15.0.202507011659\\db\/plugins/boardmanager/
2025-10-21 18:34:23,078 [INFO] ApiDb:261 - Set plugin images path to: D:\CubeIDE\STM32CubeIDE_1.19.0\STM32CubeIDE\plugins\com.st.stm32cube.common.mx_6.15.0.202507011659\\db\/plugins/mcufinder/images/
2025-10-21 18:34:23,078 [WARN] DbFile:41 - Overriding database path with different value: C:\Users\MR\.stmcufinder\plugins\mcufinder/ => C:\Users\MR\.stmcufinder\plugins\mcufinder
2025-10-21 18:34:23,078 [INFO] ApiDb:250 - Set database path to: C:\Users\MR\.stmcufinder\plugins\mcufinder//mcu/
2025-10-21 18:34:23,078 [WARN] DbFile:41 - Overriding database path with different value: C:\Users\MR\.stmcufinder\plugins\mcufinder/ => C:\Users\MR\.stmcufinder\plugins\mcufinder
2025-10-21 18:34:23,078 [INFO] DbMcusAds:125 - Set database path to: C:\Users\MR\.stmcufinder\plugins\mcufinder//mcu/
2025-10-21 18:34:23,078 [WARN] DbFile:41 - Overriding database path with different value: C:\Users\MR\.stmcufinder\plugins\mcufinder/ => C:\Users\MR\.stmcufinder\plugins\mcufinder
2025-10-21 18:34:23,078 [WARN] DbFile:41 - Overriding database path with different value: C:\Users\MR\.stmcufinder\plugins\mcufinder/ => C:\Users\MR\.stmcufinder\plugins\mcufinder
2025-10-21 18:34:23,078 [INFO] CrossReferenceDbSqlite:203 - Set database path to: C:\Users\MR\.stmcufinder\plugins\mcufinder//mcu/cs/
2025-10-21 18:34:23,103 [INFO] ApplicationProperties:184 - Using Application install path: D:\CubeIDE\STM32CubeIDE_1.19.0\STM32CubeIDE\plugins\com.st.stm32cube.common.mx_6.15.0.202507011659
2025-10-21 18:34:23,104 [INFO] PluginManage:196 - Search for loadable plugins [exclusion list=, ]
2025-10-21 18:34:23,104 [INFO] PluginManage:310 - Check plugin analytics
2025-10-21 18:34:23,269 [INFO] AnalyticsPlugin:253 - Accepted Software Licenses: STM32CubeMX.6.15.0
2025-10-21 18:34:23,271 [INFO] AnalyticsPlugin:255 - Accepted CMSIS Pack Licenses: 
2025-10-21 18:34:23,271 [INFO] AnalyticsPlugin:257 - Accepted Firmware Licenses: 
2025-10-21 18:34:23,274 [INFO] PluginManage:359 - Loaded plugin analytics (category:tool,tabindex:-1)
2025-10-21 18:34:23,274 [INFO] PluginManage:310 - Check plugin cadmodel
2025-10-21 18:34:23,279 [INFO] CADModel:105 - Init CAD model plugin
2025-10-21 18:34:23,279 [INFO] PluginManage:359 - Loaded plugin cadmodel (category:power,tabindex:5)
2025-10-21 18:34:23,279 [INFO] PluginManage:310 - Check plugin clock
2025-10-21 18:34:23,296 [INFO] PluginManage:359 - Loaded plugin clock (category:base,tabindex:2)
2025-10-21 18:34:23,296 [INFO] PluginManage:310 - Check plugin ddr
2025-10-21 18:34:23,299 [INFO] PluginManage:359 - Loaded plugin ddr (category:tool,tabindex:6)
2025-10-21 18:34:23,299 [INFO] PluginManage:310 - Check plugin filemanager
2025-10-21 18:34:23,467 [INFO] PluginManage:359 - Loaded plugin filemanager (category:base,tabindex:10)
2025-10-21 18:34:23,467 [INFO] PluginManage:310 - Check plugin ipmanager
2025-10-21 18:34:23,475 [INFO] PluginManage:359 - Loaded plugin ipmanager (category:base,tabindex:5)
2025-10-21 18:34:23,475 [INFO] PluginManage:310 - Check plugin lpbam
2025-10-21 18:34:23,484 [INFO] PluginManage:359 - Loaded plugin lpbam (category:base,tabindex:0)
2025-10-21 18:34:23,484 [INFO] PluginManage:310 - Check plugin memorymap
2025-10-21 18:34:23,502 [INFO] PluginManage:359 - Loaded plugin memorymap (category:base,tabindex:4)
2025-10-21 18:34:23,502 [INFO] PluginManage:310 - Check plugin pinoutandconfiguration
2025-10-21 18:34:23,511 [INFO] PluginManage:359 - Loaded plugin pinoutandconfiguration (category:base,tabindex:1)
2025-10-21 18:34:23,511 [INFO] PluginManage:310 - Check plugin pinoutconfig
2025-10-21 18:34:23,600 [WARN] SupportedApi:132 - Cannot load RTOS API schema: s4s-elt-must-match.1: The content of 'definitions' must match (annotation?, (simpleType | complexType)?, (unique | key | keyref)*)). A problem was found starting at: attribute.
2025-10-21 18:34:23,708 [INFO] PluginManage:359 - Loaded plugin pinoutconfig (category:base,tabindex:0)
2025-10-21 18:34:23,709 [INFO] PluginManage:310 - Check plugin power
2025-10-21 18:34:23,714 [INFO] PluginManage:359 - Loaded plugin power (category:power,tabindex:4)
2025-10-21 18:34:23,714 [INFO] PluginManage:310 - Check plugin projectmanager
2025-10-21 18:34:23,731 [INFO] PluginManage:359 - Loaded plugin projectmanager (category:projectmanager,tabindex:4)
2025-10-21 18:34:23,731 [INFO] PluginManage:310 - Check plugin rif
2025-10-21 18:34:23,741 [INFO] PluginManage:359 - Loaded plugin rif (category:base,tabindex:3)
2025-10-21 18:34:23,741 [INFO] PluginManage:310 - Check plugin thirdparty
2025-10-21 18:34:23,868 [INFO] PluginManage:359 - Loaded plugin thirdparty (category:base,tabindex:-1)
2025-10-21 18:34:23,868 [INFO] PluginManage:310 - Check plugin tools
2025-10-21 18:34:23,868 [WARN] IntegrityCheckThread:84 - waiting for thirdparty lock release [integrity check]
2025-10-21 18:34:23,869 [INFO] IntegrityCheckThread:86 - entering critical section [integrity check]
2025-10-21 18:34:23,869 [INFO] ThirdPartyUpdaterWithRetryManager:70 - Updater plugin not ready yet. [1/15]
2025-10-21 18:34:23,871 [INFO] PluginManage:359 - Loaded plugin tools (category:base,tabindex:7)
2025-10-21 18:34:23,871 [INFO] PluginManage:310 - Check plugin tutovideos
2025-10-21 18:34:24,056 [INFO] PluginManage:359 - Loaded plugin tutovideos (category:base,tabindex:-1)
2025-10-21 18:34:24,056 [INFO] PluginManage:310 - Check plugin updater
2025-10-21 18:34:24,077 [INFO] PluginManage:359 - Loaded plugin updater (category:base,tabindex:12)
2025-10-21 18:34:24,077 [INFO] PluginManage:310 - Check plugin userauth
2025-10-21 18:34:24,080 [INFO] UserAuth:118 - Init User Auth plugin
2025-10-21 18:34:24,081 [INFO] PluginManage:359 - Loaded plugin userauth (category:base,tabindex:14)
2025-10-21 18:34:24,081 [INFO] PluginManage:283 - PluginManage : Loaded plugins [18]
2025-10-21 18:34:24,297 [INFO] PinOutPanel:1589 - setPackage(No Configuration,No Configuration)
2025-10-21 18:34:24,390 [INFO] CADModel:165 - CPN selected for project level
2025-10-21 18:34:24,390 [INFO] CADModel:114 - Register for checkConnection events
2025-10-21 18:34:24,404 [INFO] IPUIPlugin:80 - create IPUIPlugin
2025-10-21 18:34:24,404 [INFO] PluginManager:220 - loadIPPluginJar : add adc
2025-10-21 18:34:24,406 [INFO] IPUIPlugin:80 - create IPUIPlugin
2025-10-21 18:34:24,406 [INFO] PluginManager:220 - loadIPPluginJar : add aes
2025-10-21 18:34:24,408 [INFO] IPUIPlugin:80 - create IPUIPlugin
2025-10-21 18:34:24,408 [INFO] PluginManager:220 - loadIPPluginJar : add can
2025-10-21 18:34:24,410 [INFO] IPUIPlugin:80 - create IPUIPlugin
2025-10-21 18:34:24,410 [INFO] PluginManager:220 - loadIPPluginJar : add comp
2025-10-21 18:34:24,412 [INFO] IPUIPlugin:80 - create IPUIPlugin
2025-10-21 18:34:24,412 [INFO] PluginManager:220 - loadIPPluginJar : add cryp
2025-10-21 18:34:24,413 [INFO] IPUIPlugin:80 - create IPUIPlugin
2025-10-21 18:34:24,413 [INFO] PluginManager:220 - loadIPPluginJar : add ddr_ctrl_phy
2025-10-21 18:34:24,415 [INFO] IPUIPlugin:80 - create IPUIPlugin
2025-10-21 18:34:24,415 [INFO] PluginManager:220 - loadIPPluginJar : add dfsdm
2025-10-21 18:34:24,420 [INFO] IPUIPlugin:80 - create IPUIPlugin
2025-10-21 18:34:24,422 [INFO] PluginManager:220 - loadIPPluginJar : add dma
2025-10-21 18:34:24,424 [INFO] IPUIPlugin:80 - create IPUIPlugin
2025-10-21 18:34:24,424 [INFO] PluginManager:220 - loadIPPluginJar : add dma3
2025-10-21 18:34:24,426 [INFO] IPUIPlugin:80 - create IPUIPlugin
2025-10-21 18:34:24,426 [INFO] PluginManager:220 - loadIPPluginJar : add extmemmanager
2025-10-21 18:34:24,427 [INFO] IPUIPlugin:80 - create IPUIPlugin
2025-10-21 18:34:24,427 [INFO] PluginManager:220 - loadIPPluginJar : add fatfs
2025-10-21 18:34:24,430 [INFO] IPUIPlugin:80 - create IPUIPlugin
2025-10-21 18:34:24,430 [INFO] PluginManager:220 - loadIPPluginJar : add fmc
2025-10-21 18:34:24,436 [INFO] IPUIPlugin:80 - create IPUIPlugin
2025-10-21 18:34:24,436 [INFO] PluginManager:220 - loadIPPluginJar : add freertos
2025-10-21 18:34:24,437 [INFO] IPUIPlugin:80 - create IPUIPlugin
2025-10-21 18:34:24,437 [INFO] PluginManager:220 - loadIPPluginJar : add genericplugin
2025-10-21 18:34:24,438 [INFO] IPUIPlugin:80 - create IPUIPlugin
2025-10-21 18:34:24,438 [INFO] PluginManager:220 - loadIPPluginJar : add gfxmmu
2025-10-21 18:34:24,443 [INFO] IPUIPlugin:80 - create IPUIPlugin
2025-10-21 18:34:24,443 [INFO] PluginManager:220 - loadIPPluginJar : add gic
2025-10-21 18:34:24,446 [INFO] IPUIPlugin:80 - create IPUIPlugin
2025-10-21 18:34:24,446 [INFO] PluginManager:220 - loadIPPluginJar : add gpio
2025-10-21 18:34:24,447 [INFO] IPUIPlugin:80 - create IPUIPlugin
2025-10-21 18:34:24,447 [INFO] PluginManager:220 - loadIPPluginJar : add gtzc
2025-10-21 18:34:24,451 [INFO] IPUIPlugin:80 - create IPUIPlugin
2025-10-21 18:34:24,451 [INFO] PluginManager:220 - loadIPPluginJar : add hash
2025-10-21 18:34:24,453 [INFO] IPUIPlugin:80 - create IPUIPlugin
2025-10-21 18:34:24,453 [INFO] PluginManager:220 - loadIPPluginJar : add i2c
2025-10-21 18:34:24,454 [INFO] IPUIPlugin:80 - create IPUIPlugin
2025-10-21 18:34:24,454 [INFO] PluginManager:220 - loadIPPluginJar : add i2s
2025-10-21 18:34:24,458 [INFO] IPUIPlugin:80 - create IPUIPlugin
2025-10-21 18:34:24,458 [INFO] PluginManager:220 - loadIPPluginJar : add i3c
2025-10-21 18:34:24,460 [INFO] IPUIPlugin:80 - create IPUIPlugin
2025-10-21 18:34:24,460 [INFO] PluginManager:220 - loadIPPluginJar : add ipddr
2025-10-21 18:34:24,465 [INFO] IPUIPlugin:80 - create IPUIPlugin
2025-10-21 18:34:24,465 [INFO] PluginManager:220 - loadIPPluginJar : add linkedlist
2025-10-21 18:34:24,468 [INFO] IPUIPlugin:80 - create IPUIPlugin
2025-10-21 18:34:24,468 [INFO] PluginManager:220 - loadIPPluginJar : add lorawan
2025-10-21 18:34:24,469 [INFO] IPUIPlugin:80 - create IPUIPlugin
2025-10-21 18:34:24,469 [INFO] PluginManager:220 - loadIPPluginJar : add ltdc
2025-10-21 18:34:24,474 [INFO] IPUIPlugin:80 - create IPUIPlugin
2025-10-21 18:34:24,474 [INFO] PluginManager:220 - loadIPPluginJar : add mdma
2025-10-21 18:34:24,477 [INFO] IPUIPlugin:80 - create IPUIPlugin
2025-10-21 18:34:24,477 [INFO] PluginManager:220 - loadIPPluginJar : add nvic
2025-10-21 18:34:24,479 [INFO] IPUIPlugin:80 - create IPUIPlugin
2025-10-21 18:34:24,479 [INFO] PluginManager:220 - loadIPPluginJar : add opamp
2025-10-21 18:34:24,482 [INFO] IPUIPlugin:80 - create IPUIPlugin
2025-10-21 18:34:24,482 [INFO] PluginManager:220 - loadIPPluginJar : add openamp
2025-10-21 18:34:24,485 [INFO] IPUIPlugin:80 - create IPUIPlugin
2025-10-21 18:34:24,485 [INFO] PluginManager:220 - loadIPPluginJar : add pdm2pcm
2025-10-21 18:34:24,490 [INFO] IPUIPlugin:80 - create IPUIPlugin
2025-10-21 18:34:24,492 [INFO] PluginManager:220 - loadIPPluginJar : add plateformsettings
2025-10-21 18:34:24,494 [INFO] IPUIPlugin:80 - create IPUIPlugin
2025-10-21 18:34:24,494 [INFO] PluginManager:220 - loadIPPluginJar : add quadspi
2025-10-21 18:34:24,495 [INFO] IPUIPlugin:80 - create IPUIPlugin
2025-10-21 18:34:24,496 [INFO] PluginManager:220 - loadIPPluginJar : add radio
2025-10-21 18:34:24,498 [INFO] IPUIPlugin:80 - create IPUIPlugin
2025-10-21 18:34:24,498 [INFO] PluginManager:220 - loadIPPluginJar : add resmgrutility
2025-10-21 18:34:24,502 [INFO] IPUIPlugin:80 - create IPUIPlugin
2025-10-21 18:34:24,502 [INFO] PluginManager:220 - loadIPPluginJar : add sai
2025-10-21 18:34:24,504 [INFO] IPUIPlugin:80 - create IPUIPlugin
2025-10-21 18:34:24,504 [INFO] PluginManager:220 - loadIPPluginJar : add spi
2025-10-21 18:34:24,509 [INFO] IPUIPlugin:80 - create IPUIPlugin
2025-10-21 18:34:24,509 [INFO] PluginManager:220 - loadIPPluginJar : add stm32_wpan
2025-10-21 18:34:24,510 [INFO] IPUIPlugin:80 - create IPUIPlugin
2025-10-21 18:34:24,510 [INFO] PluginManager:220 - loadIPPluginJar : add tim
2025-10-21 18:34:24,512 [INFO] IPUIPlugin:80 - create IPUIPlugin
2025-10-21 18:34:24,513 [INFO] PluginManager:220 - loadIPPluginJar : add touchsensing
2025-10-21 18:34:24,514 [INFO] IPUIPlugin:80 - create IPUIPlugin
2025-10-21 18:34:24,514 [INFO] PluginManager:220 - loadIPPluginJar : add tracer_emb
2025-10-21 18:34:24,516 [INFO] IPUIPlugin:80 - create IPUIPlugin
2025-10-21 18:34:24,516 [INFO] PluginManager:220 - loadIPPluginJar : add ts
2025-10-21 18:34:24,518 [INFO] IPUIPlugin:80 - create IPUIPlugin
2025-10-21 18:34:24,518 [INFO] PluginManager:220 - loadIPPluginJar : add tsc
2025-10-21 18:34:24,520 [INFO] IPUIPlugin:80 - create IPUIPlugin
2025-10-21 18:34:24,520 [INFO] PluginManager:220 - loadIPPluginJar : add ucpd
2025-10-21 18:34:24,522 [INFO] IPUIPlugin:80 - create IPUIPlugin
2025-10-21 18:34:24,522 [INFO] PluginManager:220 - loadIPPluginJar : add usart
2025-10-21 18:34:24,524 [INFO] IPUIPlugin:80 - create IPUIPlugin
2025-10-21 18:34:24,525 [INFO] PluginManager:220 - loadIPPluginJar : add usbx
2025-10-21 18:34:24,652 [FATAL] Updater:351 - Updater called before beeing initialized
2025-10-21 18:34:24,672 [INFO] RulesReader:64 - Compatibility file has been processed (317 Rules)
2025-10-21 18:34:24,682 [INFO] RulesReader:64 - Compatibility file has been processed (317 Rules)
2025-10-21 18:34:24,689 [INFO] CADModel:165 - CPN selected for project level
2025-10-21 18:34:24,689 [INFO] CADModel:114 - Register for checkConnection events
2025-10-21 18:34:24,689 [FATAL] Updater:351 - Updater called before beeing initialized
2025-10-21 18:34:24,689 [ERROR] CADModel:125 - Updater not yet initialized, retry later 
2025-10-21 18:34:24,840 [FATAL] Updater:351 - Updater called before beeing initialized
2025-10-21 18:34:24,841 [INFO] CADModel:165 - CPN selected for project level
2025-10-21 18:34:24,841 [INFO] CADModel:114 - Register for checkConnection events
2025-10-21 18:34:24,841 [FATAL] Updater:351 - Updater called before beeing initialized
2025-10-21 18:34:24,841 [ERROR] CADModel:125 - Updater not yet initialized, retry later 
2025-10-21 18:34:24,843 [FATAL] Updater:351 - Updater called before beeing initialized
2025-10-21 18:34:24,953 [FATAL] Updater:351 - Updater called before beeing initialized
2025-10-21 18:34:24,956 [INFO] DbMcusAds:53 - JSON generation date=Thu Oct 02 17:36:05 CST 2025 (1759397765645)
2025-10-21 18:34:24,956 [FATAL] Updater:351 - Updater called before beeing initialized
2025-10-21 18:34:25,061 [WARN] DetailPanel:346 - Failed to get advertising image, set to default
2025-10-21 18:34:25,135 [FATAL] Updater:351 - Updater called before beeing initialized
2025-10-21 18:34:25,136 [FATAL] Updater:351 - Updater called before beeing initialized
2025-10-21 18:34:25,136 [FATAL] Updater:351 - Updater called before beeing initialized
2025-10-21 18:34:25,136 [WARN] DetailPanel:346 - Failed to get advertising image, set to default
2025-10-21 18:34:25,136 [FATAL] Updater:351 - Updater called before beeing initialized
2025-10-21 18:34:25,174 [ERROR] Updater:1198 - MainUpdater not yet initialized. External WinMGr cannot be set.
2025-10-21 18:34:25,176 [INFO] Updater:1134 - Updater Version found : 6.15.0
2025-10-21 18:34:25,187 [INFO] ApplicationProperties:184 - Using Application install path: D:\CubeIDE\STM32CubeIDE_1.19.0\STM32CubeIDE\plugins\com.st.stm32cube.common.mx_6.15.0.202507011659
2025-10-21 18:34:26,753 [ERROR] LogOutputStream:75 - [STDERR_REDIRECT] Oct 21, 2025 6:34:26 PM java.util.prefs.WindowsPreferences <init>
2025-10-21 18:34:26,755 [ERROR] LogOutputStream:75 - [STDERR_REDIRECT] WARNING: Could not open/create prefs root node Software\JavaSoft\Prefs at root 0xffffffff80000002. Windows RegCreateKeyEx(...) returned error code 5.
2025-10-21 18:34:26,755 [ERROR] LogOutputStream:75 - [STDERR_REDIRECT] 
2025-10-21 18:34:26,869 [INFO] ThirdPartyUpdaterWithRetryManager:70 - Updater plugin not ready yet. [2/15]
2025-10-21 18:34:27,504 [INFO] MainUpdater:2872 - connection check result : 10
2025-10-21 18:34:27,504 [INFO] MainUpdater:289 - Updater Check For Update Now.
2025-10-21 18:34:27,504 [INFO] MicroXplorer:498 - Change Database Version : DB.6.0.150
2025-10-21 18:34:27,508 [INFO] McuFinderGlobals:63 - Set McuFinder mode to 2 (CubeIDE integrated)
2025-10-21 18:34:27,509 [INFO] UserAuth:487 - Internet connection configuration mode: 1
2025-10-21 18:34:27,528 [INFO] JxBrowserEngine:152 - Initiate JxBrowser Engine with user profile folder
2025-10-21 18:34:27,673 [INFO] CheckServerUpdateThread:120 - End of CheckServer Thread
2025-10-21 18:34:30,061 [WARN] PackLoader:240 - Cannot read IP mode file for STMicroelectronics.FP-SNS-MOTENVWB1.1.4.0
2025-10-21 18:34:30,070 [WARN] PackLoader:240 - Cannot read IP mode file for STMicroelectronics.FP-ATR-ASTRA1.2.0.2
2025-10-21 18:34:30,079 [WARN] PackLoader:240 - Cannot read IP mode file for STMicroelectronics.X-CUBE-SMBUS.2.1.0
2025-10-21 18:34:30,086 [WARN] PackLoader:240 - Cannot read IP mode file for STMicroelectronics.X-CUBE-ST60.1.0.0
2025-10-21 18:34:30,114 [WARN] PackLoader:240 - Cannot read IP mode file for STMicroelectronics.X-CUBE-AZRTOS-F7.1.1.0
2025-10-21 18:34:30,124 [WARN] PackLoader:240 - Cannot read IP mode file for Cesanta.I-CUBE-Mongoose.7.19.0
2025-10-21 18:34:30,156 [WARN] PackLoader:240 - Cannot read IP mode file for Infineon.AIROC-Wi-Fi-Bluetooth-STM32.1.7.1
2025-10-21 18:34:30,182 [WARN] PackLoader:240 - Cannot read IP mode file for STMicroelectronics.X-CUBE-AZRTOS-H7.3.4.0
2025-10-21 18:34:30,193 [WARN] PackLoader:240 - Cannot read IP mode file for STMicroelectronics.X-CUBE-DISPLAY.3.0.0
2025-10-21 18:34:30,207 [WARN] PackLoader:240 - Cannot read IP mode file for STMicroelectronics.X-CUBE-NFC10.1.0.0
2025-10-21 18:34:30,214 [WARN] PackLoader:240 - Cannot read IP mode file for STMicroelectronics.X-CUBE-ST60.1.1.0
2025-10-21 18:34:30,221 [WARN] PackLoader:240 - Cannot read IP mode file for emotas.I-CUBE-CANOPEN.1.3.0
2025-10-21 18:34:30,228 [WARN] PackLoader:240 - Cannot read IP mode file for STMicroelectronics.FP-SNS-STBOX1.2.1.0
2025-10-21 18:34:30,236 [WARN] PackLoader:240 - Cannot read IP mode file for STMicroelectronics.FP-SNS-SMARTAG2.1.2.0
2025-10-21 18:34:30,241 [WARN] PackLoader:240 - Cannot read IP mode file for STMicroelectronics.FP-SNS-FLIGHT1.5.1.0
2025-10-21 18:34:30,250 [INFO] LogOutputStream:77 - [STDOUT_REDIRECT] 1 : Invalid condition id : UX_CORESTACK_Condition cause : null
2025-10-21 18:34:30,250 [INFO] LogOutputStream:77 - [STDOUT_REDIRECT] 1 : Invalid condition id : UX_CORESTACK_Condition cause : null
2025-10-21 18:34:30,251 [INFO] LogOutputStream:77 - [STDOUT_REDIRECT] 1 : Invalid condition id : UX_CORESTACK_Condition cause : null
2025-10-21 18:34:30,252 [INFO] LogOutputStream:77 - [STDOUT_REDIRECT] 1 : Invalid condition id : UX_CORESTACK_Condition cause : null
2025-10-21 18:34:30,252 [INFO] LogOutputStream:77 - [STDOUT_REDIRECT] 1 : Invalid condition id : UX_CORESTACK_Condition cause : null
2025-10-21 18:34:30,255 [WARN] PackLoader:240 - Cannot read IP mode file for STMicroelectronics.X-CUBE-AZRTOS-WL.2.0.0
2025-10-21 18:34:30,260 [WARN] PackLoader:240 - Cannot read IP mode file for STMicroelectronics.FP-SNS-MOTENV1.5.0.0
2025-10-21 18:34:30,266 [WARN] PackLoader:240 - Cannot read IP mode file for STMicroelectronics.X-CUBE-BLE2.3.3.0
2025-10-21 18:34:30,273 [WARN] PackLoader:240 - Cannot read IP mode file for STMicroelectronics.X-CUBE-NFC9.1.0.0
2025-10-21 18:34:30,279 [WARN] PackLoader:240 - Cannot read IP mode file for wolfSSL.I-CUBE-wolfSSL.5.8.2
2025-10-21 18:34:30,285 [WARN] PackLoader:240 - Cannot read IP mode file for STMicroelectronics.X-CUBE-BLE1.7.1.0
2025-10-21 18:34:30,289 [WARN] PackLoader:240 - Cannot read IP mode file for wolfSSL.I-CUBE-wolfMQTT.1.19.2
2025-10-21 18:34:30,296 [WARN] PackLoader:240 - Cannot read IP mode file for STMicroelectronics.X-CUBE-EEPRMA1.5.2.0
2025-10-21 18:34:30,302 [WARN] PackLoader:240 - Cannot read IP mode file for STMicroelectronics.X-CUBE-ST67W61.1.1.0
2025-10-21 18:34:30,314 [WARN] PackLoader:240 - Cannot read IP mode file for STMicroelectronics.X-CUBE-AZRTOS-G0.1.1.0
2025-10-21 18:34:30,321 [WARN] PackLoader:240 - Cannot read IP mode file for STMicroelectronics.X-CUBE-SAFEA1.1.2.2
2025-10-21 18:34:30,328 [WARN] PackLoader:240 - Cannot read IP mode file for STMicroelectronics.X-CUBE-NFC4.3.0.0
2025-10-21 18:34:30,336 [WARN] PackLoader:240 - Cannot read IP mode file for EmbeddedOffice.I-CUBE-FS-RTOS.1.0.1
2025-10-21 18:34:30,342 [WARN] PackLoader:240 - Cannot read IP mode file for STMicroelectronics.X-CUBE-WB05N.2.0.0
2025-10-21 18:34:30,346 [WARN] PackLoader:240 - Cannot read IP mode file for wolfSSL.I-CUBE-wolfTPM.3.8.0
2025-10-21 18:34:30,351 [WARN] PackLoader:240 - Cannot read IP mode file for STMicroelectronics.X-CUBE-TCPP.4.2.0
2025-10-21 18:34:30,358 [WARN] PackLoader:240 - Cannot read IP mode file for RealThread.X-CUBE-RT-Thread_Nano.4.1.1
2025-10-21 18:34:30,363 [WARN] PackLoader:240 - Cannot read IP mode file for STMicroelectronics.FP-ATR-SIGFOX1.3.2.0
2025-10-21 18:34:30,369 [WARN] PackLoader:240 - Cannot read IP mode file for ITTIA_DB.I-CUBE-ITTIADB.8.9.0
2025-10-21 18:34:30,374 [WARN] PackLoader:240 - Cannot read IP mode file for STMicroelectronics.X-CUBE-ST67W61.1.0.0
2025-10-21 18:34:30,378 [WARN] PackLoader:240 - Cannot read IP mode file for STMicroelectronics.X-CUBE-AI.10.2.0
2025-10-21 18:34:30,395 [WARN] PackLoader:240 - Cannot read IP mode file for SEGGER.I-CUBE-embOS.1.3.1
2025-10-21 18:34:30,431 [WARN] PackLoader:240 - Cannot read IP mode file for STMicroelectronics.X-CUBE-ALGOBUILD.1.4.0
2025-10-21 18:34:30,459 [WARN] PackLoader:240 - Cannot read IP mode file for STMicroelectronics.X-CUBE-MEMS1.11.3.0
2025-10-21 18:34:30,538 [WARN] PackLoader:240 - Cannot read IP mode file for STMicroelectronics.X-CUBE-PM33A1.1.0.0
2025-10-21 18:34:30,552 [WARN] PackLoader:240 - Cannot read IP mode file for STMicroelectronics.X-CUBE-AZRTOS-F4.1.1.0
2025-10-21 18:34:30,560 [WARN] PackLoader:240 - Cannot read IP mode file for STMicroelectronics.X-CUBE-ISPU.2.1.0
2025-10-21 18:34:30,572 [WARN] PackLoader:240 - Cannot read IP mode file for STMicroelectronics.X-CUBE-IPS.3.2.0
2025-10-21 18:34:30,581 [WARN] PackLoader:240 - Cannot read IP mode file for STMicroelectronics.X-CUBE-NFC12.1.0.0
2025-10-21 18:34:30,603 [WARN] PackLoader:240 - Cannot read IP mode file for STMicroelectronics.X-CUBE-AZRTOS-L5.2.0.0
2025-10-21 18:34:30,619 [WARN] PackLoader:240 - Cannot read IP mode file for STMicroelectronics.X-CUBE-NFC6.3.1.0
2025-10-21 18:34:30,632 [WARN] PackLoader:240 - Cannot read IP mode file for STMicroelectronics.X-CUBE-FREERTOS.1.3.1
2025-10-21 18:34:30,664 [WARN] PackLoader:240 - Cannot read IP mode file for STMicroelectronics.X-CUBE-TOUCHGFX.4.26.0
2025-10-21 18:34:30,671 [WARN] PackLoader:240 - Cannot read IP mode file for STMicroelectronics.FP-SNS-STAIOTCFT.1.0.0
2025-10-21 18:34:30,679 [WARN] PackLoader:240 - Cannot read IP mode file for STMicroelectronics.X-CUBE-DPower.1.3.0
2025-10-21 18:34:30,693 [WARN] ConditionMgr:438 - getConditionDescription Invalid condition id : LAN8742 Phy interface Condition cause : null
2025-10-21 18:34:30,694 [WARN] PackLoader:240 - Cannot read IP mode file for STMicroelectronics.X-CUBE-AZRTOS-L4.2.0.0
2025-10-21 18:34:30,695 [WARN] ConditionMgr:1044 - genDependencies : Invalid condition id : LAN8742 Phy interface Condition cause : null
2025-10-21 18:34:30,695 [WARN] ConditionMgr:1044 - genDependencies : Invalid condition id : LAN8742 Phy interface Condition cause : null
2025-10-21 18:34:30,695 [WARN] ConditionMgr:1044 - genDependencies : Invalid condition id : LAN8742 Phy interface Condition cause : null
2025-10-21 18:34:30,703 [WARN] PackLoader:240 - Cannot read IP mode file for STMicroelectronics.X-CUBE-SFXS2LP1.4.0.0
2025-10-21 18:34:30,714 [WARN] PackLoader:240 - Cannot read IP mode file for STMicroelectronics.X-CUBE-BLEMGR.4.1.0
2025-10-21 18:34:30,727 [WARN] ConditionMgr:438 - getConditionDescription Invalid condition id : UX DEVICE CLASS RTOS Condition cause : null
2025-10-21 18:34:30,727 [WARN] ConditionMgr:438 - getConditionDescription Invalid condition id : UX DEVICE CLASS RTOS Condition cause : null
2025-10-21 18:34:30,728 [WARN] PackLoader:240 - Cannot read IP mode file for STMicroelectronics.X-CUBE-AZRTOS-WB.2.0.0
2025-10-21 18:34:30,729 [WARN] ConditionMgr:1044 - genDependencies : Invalid condition id : UX DEVICE CLASS RTOS Condition cause : null
2025-10-21 18:34:30,729 [WARN] ConditionMgr:1044 - genDependencies : Invalid condition id : UX DEVICE CLASS RTOS Condition cause : null
2025-10-21 18:34:30,729 [WARN] ConditionMgr:1044 - genDependencies : Invalid condition id : UX DEVICE CLASS RTOS Condition cause : null
2025-10-21 18:34:30,729 [WARN] ConditionMgr:1044 - genDependencies : Invalid condition id : UX DEVICE CLASS RTOS Condition cause : null
2025-10-21 18:34:30,729 [WARN] ConditionMgr:1044 - genDependencies : Invalid condition id : UX DEVICE CLASS RTOS Condition cause : null
2025-10-21 18:34:30,736 [WARN] PackLoader:240 - Cannot read IP mode file for STMicroelectronics.X-CUBE-GNSS1.7.0.1
2025-10-21 18:34:30,743 [WARN] ConditionMgr:438 - getConditionDescription Invalid condition id : Cortex-A Device cause : null
2025-10-21 18:34:30,761 [WARN] ConditionMgr:1044 - genDependencies : Invalid condition id : Cortex-A Device cause : null
2025-10-21 18:34:30,761 [WARN] ConditionMgr:1044 - genDependencies : Invalid condition id : Cortex-A Device cause : null
2025-10-21 18:34:30,761 [WARN] ConditionMgr:1044 - genDependencies : Invalid condition id : Cortex-A Device cause : null
2025-10-21 18:34:30,768 [WARN] PackLoader:240 - Cannot read IP mode file for STMicroelectronics.X-CUBE-SUBG2.5.0.0
2025-10-21 18:34:30,782 [WARN] PackLoader:240 - Cannot read IP mode file for STMicroelectronics.X-CUBE-AZRTOS-H7RS.1.1.0
2025-10-21 18:34:30,793 [WARN] PackLoader:240 - Cannot read IP mode file for STMicroelectronics.X-CUBE-AZRTOS-G4.2.0.0
2025-10-21 18:34:30,798 [WARN] PackLoader:240 - Cannot read IP mode file for wolfSSL.I-CUBE-wolfSSH.1.4.20
2025-10-21 18:34:30,802 [WARN] PackLoader:240 - Cannot read IP mode file for STMicroelectronics.X-CUBE-NFC7.2.0.0
2025-10-21 18:34:30,808 [WARN] PackLoader:240 - Cannot read IP mode file for STMicroelectronics.X-CUBE-IPS.3.1.0
2025-10-21 18:34:30,817 [WARN] PackLoader:240 - Cannot read IP mode file for STMicroelectronics.X-CUBE-ALS.1.0.2
2025-10-21 18:34:30,823 [WARN] PackLoader:240 - Cannot read IP mode file for STMicroelectronics.X-CUBE-STSE01.1.0.0
2025-10-21 18:34:30,831 [WARN] PackLoader:240 - Cannot read IP mode file for STMicroelectronics.X-CUBE-TOF1.3.4.3
2025-10-21 18:34:30,838 [INFO] ThirdParty:978 - Integrity check success = true
2025-10-21 18:34:30,838 [INFO] IntegrityCheckThread:100 - exiting critical section [integrity check]
2025-10-21 18:34:30,839 [INFO] IntegrityCheckThread:103 - End integrity checks thread
2025-10-21 18:34:34,282 [INFO] WebApp:169 - Instantiating new browser for Auth
2025-10-21 18:34:34,768 [INFO] WebApp:463 - Apply proxy settings
2025-10-21 18:34:34,768 [INFO] WebApp:548 - Chromium requires no authentication
2025-10-21 18:34:34,773 [INFO] WebApp:491 - Direct internet connection detected
2025-10-21 18:34:34,786 [INFO] WebApp:900 - Register for checkConnection events
2025-10-21 18:34:34,787 [INFO] WebApp:463 - Apply proxy settings
2025-10-21 18:34:34,787 [INFO] WebApp:548 - Chromium requires no authentication
2025-10-21 18:34:34,787 [INFO] WebApp:491 - Direct internet connection detected
2025-10-21 18:34:34,883 [INFO] WebApp:225 - Starting web application
2025-10-21 18:34:34,883 [INFO] WebApp:593 - Web application path used D:\CubeIDE\STM32CubeIDE_1.19.0\STM32CubeIDE\plugins\com.st.stm32cube.common.mx_6.15.0.202507011659\db\plugins\mcufinder\reactClient1\index.html
2025-10-21 18:34:34,945 [INFO] UserAuth:487 - Internet connection configuration mode: 1
2025-10-21 18:34:50,248 [INFO] McuFinderGlobals:63 - Set McuFinder mode to 2 (CubeIDE integrated)
2025-10-21 18:34:50,249 [INFO] UserAuth:487 - Internet connection configuration mode: 1
2025-10-21 18:34:51,276 [INFO] UserAuth:171 - activating auth plugin
2025-10-21 18:34:51,279 [INFO] UserAuth:487 - Internet connection configuration mode: 1
2025-10-21 18:34:54,647 [INFO] McuFinderGlobals:63 - Set McuFinder mode to 2 (CubeIDE integrated)
2025-10-21 18:34:54,647 [INFO] UserAuth:171 - activating auth plugin
2025-10-21 18:34:54,649 [INFO] UserAuth:487 - Internet connection configuration mode: 1
2025-10-21 18:35:39,730 [INFO] WebApp:650 - userauth.ini created with success
2025-10-21 18:39:36,611 [ERROR] LogOutputStream:75 - [STDERR_REDIRECT] 
2025-10-21 20:52:14,426 [INFO] Activator:176 - 


2025-10-21 20:52:14,429 [INFO] Activator:177 - !SESSION log4j initialized
2025-10-21 20:52:18,236 [INFO] LogOutputStream:77 - [STDOUT_REDIRECT] 
2025-10-21 20:52:20,698 [INFO] ApplicationProperties:184 - Using Application install path: D:\CubeIDE\STM32CubeIDE_1.19.0\STM32CubeIDE\plugins\com.st.stm32cube.common.mx_6.15.0.202507011659
2025-10-21 20:52:20,712 [INFO] DbMcusXml:78 - Set database path to: D:\CubeIDE\STM32CubeIDE_1.19.0\STM32CubeIDE\plugins\com.st.stm32cube.common.mx_6.15.0.202507011659\\db\/mcu/
2025-10-21 20:52:20,712 [INFO] ApiDb:274 - Set plugin database path to: D:\CubeIDE\STM32CubeIDE_1.19.0\STM32CubeIDE\plugins\com.st.stm32cube.common.mx_6.15.0.202507011659\\db\/plugins/boardmanager/
2025-10-21 20:52:20,712 [WARN] ApiDb:259 - Overriding images path with different value:  => D:\CubeIDE\STM32CubeIDE_1.19.0\STM32CubeIDE\plugins\com.st.stm32cube.common.mx_6.15.0.202507011659\\db\/plugins/mcufinder/images/
2025-10-21 20:52:20,718 [INFO] ApiDb:250 - Set database path to: C:\Users\MR\.stmcufinder\plugins\mcufinder//mcu/
2025-10-21 20:52:20,720 [INFO] DbMcusAds:125 - Set database path to: C:\Users\MR\.stmcufinder\plugins\mcufinder//mcu/
2025-10-21 20:52:20,723 [INFO] CrossReferenceDbSqlite:203 - Set database path to: C:\Users\MR\.stmcufinder\plugins\mcufinder//mcu/cs/
2025-10-21 20:52:20,849 [INFO] RulesReader:64 - Compatibility file has been processed (317 Rules)
2025-10-21 20:52:21,018 [INFO] DbMcusXml:78 - Set database path to: D:\CubeIDE\STM32CubeIDE_1.19.0\STM32CubeIDE\plugins\com.st.stm32cube.common.mx_6.15.0.202507011659\\db\/mcu/
2025-10-21 20:52:21,018 [INFO] ApiDb:274 - Set plugin database path to: D:\CubeIDE\STM32CubeIDE_1.19.0\STM32CubeIDE\plugins\com.st.stm32cube.common.mx_6.15.0.202507011659\\db\/plugins/boardmanager/
2025-10-21 20:52:21,019 [INFO] ApiDb:261 - Set plugin images path to: D:\CubeIDE\STM32CubeIDE_1.19.0\STM32CubeIDE\plugins\com.st.stm32cube.common.mx_6.15.0.202507011659\\db\/plugins/mcufinder/images/
2025-10-21 20:52:21,020 [WARN] DbFile:41 - Overriding database path with different value: C:\Users\MR\.stmcufinder\plugins\mcufinder/ => C:\Users\MR\.stmcufinder\plugins\mcufinder
2025-10-21 20:52:21,021 [INFO] ApiDb:250 - Set database path to: C:\Users\MR\.stmcufinder\plugins\mcufinder//mcu/
2025-10-21 20:52:21,021 [WARN] DbFile:41 - Overriding database path with different value: C:\Users\MR\.stmcufinder\plugins\mcufinder/ => C:\Users\MR\.stmcufinder\plugins\mcufinder
2025-10-21 20:52:21,021 [INFO] DbMcusAds:125 - Set database path to: C:\Users\MR\.stmcufinder\plugins\mcufinder//mcu/
2025-10-21 20:52:21,021 [WARN] DbFile:41 - Overriding database path with different value: C:\Users\MR\.stmcufinder\plugins\mcufinder/ => C:\Users\MR\.stmcufinder\plugins\mcufinder
2025-10-21 20:52:21,021 [WARN] DbFile:41 - Overriding database path with different value: C:\Users\MR\.stmcufinder\plugins\mcufinder/ => C:\Users\MR\.stmcufinder\plugins\mcufinder
2025-10-21 20:52:21,021 [INFO] CrossReferenceDbSqlite:203 - Set database path to: C:\Users\MR\.stmcufinder\plugins\mcufinder//mcu/cs/
2025-10-21 20:52:21,141 [INFO] MainPanel:274 - HeapMemory: 268435456
2025-10-21 20:52:21,257 [INFO] DbMcusXml:78 - Set database path to: D:\CubeIDE\STM32CubeIDE_1.19.0\STM32CubeIDE\plugins\com.st.stm32cube.common.mx_6.15.0.202507011659\\db\/mcu/
2025-10-21 20:52:21,258 [INFO] ApiDb:274 - Set plugin database path to: D:\CubeIDE\STM32CubeIDE_1.19.0\STM32CubeIDE\plugins\com.st.stm32cube.common.mx_6.15.0.202507011659\\db\/plugins/boardmanager/
2025-10-21 20:52:21,258 [INFO] ApiDb:261 - Set plugin images path to: D:\CubeIDE\STM32CubeIDE_1.19.0\STM32CubeIDE\plugins\com.st.stm32cube.common.mx_6.15.0.202507011659\\db\/plugins/mcufinder/images/
2025-10-21 20:52:21,258 [WARN] DbFile:41 - Overriding database path with different value: C:\Users\MR\.stmcufinder\plugins\mcufinder/ => C:\Users\MR\.stmcufinder\plugins\mcufinder
2025-10-21 20:52:21,258 [INFO] ApiDb:250 - Set database path to: C:\Users\MR\.stmcufinder\plugins\mcufinder//mcu/
2025-10-21 20:52:21,258 [WARN] DbFile:41 - Overriding database path with different value: C:\Users\MR\.stmcufinder\plugins\mcufinder/ => C:\Users\MR\.stmcufinder\plugins\mcufinder
2025-10-21 20:52:21,258 [INFO] DbMcusAds:125 - Set database path to: C:\Users\MR\.stmcufinder\plugins\mcufinder//mcu/
2025-10-21 20:52:21,259 [WARN] DbFile:41 - Overriding database path with different value: C:\Users\MR\.stmcufinder\plugins\mcufinder/ => C:\Users\MR\.stmcufinder\plugins\mcufinder
2025-10-21 20:52:21,259 [WARN] DbFile:41 - Overriding database path with different value: C:\Users\MR\.stmcufinder\plugins\mcufinder/ => C:\Users\MR\.stmcufinder\plugins\mcufinder
2025-10-21 20:52:21,259 [INFO] CrossReferenceDbSqlite:203 - Set database path to: C:\Users\MR\.stmcufinder\plugins\mcufinder//mcu/cs/
2025-10-21 20:52:21,333 [INFO] ApplicationProperties:184 - Using Application install path: D:\CubeIDE\STM32CubeIDE_1.19.0\STM32CubeIDE\plugins\com.st.stm32cube.common.mx_6.15.0.202507011659
2025-10-21 20:52:21,335 [INFO] PluginManage:196 - Search for loadable plugins [exclusion list=, ]
2025-10-21 20:52:21,336 [INFO] PluginManage:310 - Check plugin analytics
2025-10-21 20:52:21,625 [INFO] AnalyticsPlugin:253 - Accepted Software Licenses: STM32CubeMX.6.15.0
2025-10-21 20:52:21,625 [INFO] AnalyticsPlugin:255 - Accepted CMSIS Pack Licenses: 
2025-10-21 20:52:21,625 [INFO] AnalyticsPlugin:257 - Accepted Firmware Licenses: 
2025-10-21 20:52:21,631 [INFO] PluginManage:359 - Loaded plugin analytics (category:tool,tabindex:-1)
2025-10-21 20:52:21,631 [INFO] PluginManage:310 - Check plugin cadmodel
2025-10-21 20:52:21,638 [INFO] CADModel:105 - Init CAD model plugin
2025-10-21 20:52:21,638 [INFO] PluginManage:359 - Loaded plugin cadmodel (category:power,tabindex:5)
2025-10-21 20:52:21,638 [INFO] PluginManage:310 - Check plugin clock
2025-10-21 20:52:21,649 [INFO] PluginManage:359 - Loaded plugin clock (category:base,tabindex:2)
2025-10-21 20:52:21,649 [INFO] PluginManage:310 - Check plugin ddr
2025-10-21 20:52:21,651 [INFO] PluginManage:359 - Loaded plugin ddr (category:tool,tabindex:6)
2025-10-21 20:52:21,652 [INFO] PluginManage:310 - Check plugin filemanager
2025-10-21 20:52:21,859 [INFO] PluginManage:359 - Loaded plugin filemanager (category:base,tabindex:10)
2025-10-21 20:52:21,859 [INFO] PluginManage:310 - Check plugin ipmanager
2025-10-21 20:52:21,870 [INFO] PluginManage:359 - Loaded plugin ipmanager (category:base,tabindex:5)
2025-10-21 20:52:21,870 [INFO] PluginManage:310 - Check plugin lpbam
2025-10-21 20:52:21,880 [INFO] PluginManage:359 - Loaded plugin lpbam (category:base,tabindex:0)
2025-10-21 20:52:21,881 [INFO] PluginManage:310 - Check plugin memorymap
2025-10-21 20:52:21,892 [INFO] PluginManage:359 - Loaded plugin memorymap (category:base,tabindex:4)
2025-10-21 20:52:21,892 [INFO] PluginManage:310 - Check plugin pinoutandconfiguration
2025-10-21 20:52:21,899 [INFO] PluginManage:359 - Loaded plugin pinoutandconfiguration (category:base,tabindex:1)
2025-10-21 20:52:21,899 [INFO] PluginManage:310 - Check plugin pinoutconfig
2025-10-21 20:52:21,990 [WARN] SupportedApi:132 - Cannot load RTOS API schema: s4s-elt-must-match.1: The content of 'definitions' must match (annotation?, (simpleType | complexType)?, (unique | key | keyref)*)). A problem was found starting at: attribute.
2025-10-21 20:52:22,110 [INFO] PluginManage:359 - Loaded plugin pinoutconfig (category:base,tabindex:0)
2025-10-21 20:52:22,110 [INFO] PluginManage:310 - Check plugin power
2025-10-21 20:52:22,117 [INFO] PluginManage:359 - Loaded plugin power (category:power,tabindex:4)
2025-10-21 20:52:22,117 [INFO] PluginManage:310 - Check plugin projectmanager
2025-10-21 20:52:22,136 [INFO] PluginManage:359 - Loaded plugin projectmanager (category:projectmanager,tabindex:4)
2025-10-21 20:52:22,136 [INFO] PluginManage:310 - Check plugin rif
2025-10-21 20:52:22,145 [INFO] PluginManage:359 - Loaded plugin rif (category:base,tabindex:3)
2025-10-21 20:52:22,145 [INFO] PluginManage:310 - Check plugin thirdparty
2025-10-21 20:52:22,297 [INFO] PluginManage:359 - Loaded plugin thirdparty (category:base,tabindex:-1)
2025-10-21 20:52:22,298 [INFO] PluginManage:310 - Check plugin tools
2025-10-21 20:52:22,297 [WARN] IntegrityCheckThread:84 - waiting for thirdparty lock release [integrity check]
2025-10-21 20:52:22,298 [INFO] IntegrityCheckThread:86 - entering critical section [integrity check]
2025-10-21 20:52:22,298 [INFO] ThirdPartyUpdaterWithRetryManager:70 - Updater plugin not ready yet. [1/15]
2025-10-21 20:52:22,300 [INFO] PluginManage:359 - Loaded plugin tools (category:base,tabindex:7)
2025-10-21 20:52:22,300 [INFO] PluginManage:310 - Check plugin tutovideos
2025-10-21 20:52:22,487 [INFO] PluginManage:359 - Loaded plugin tutovideos (category:base,tabindex:-1)
2025-10-21 20:52:22,487 [INFO] PluginManage:310 - Check plugin updater
2025-10-21 20:52:22,511 [INFO] PluginManage:359 - Loaded plugin updater (category:base,tabindex:12)
2025-10-21 20:52:22,511 [INFO] PluginManage:310 - Check plugin userauth
2025-10-21 20:52:22,514 [INFO] UserAuth:118 - Init User Auth plugin
2025-10-21 20:52:22,515 [INFO] PluginManage:359 - Loaded plugin userauth (category:base,tabindex:14)
2025-10-21 20:52:22,516 [INFO] PluginManage:283 - PluginManage : Loaded plugins [18]
2025-10-21 20:52:22,920 [INFO] PinOutPanel:1589 - setPackage(No Configuration,No Configuration)
2025-10-21 20:52:23,115 [INFO] CADModel:165 - CPN selected for project level
2025-10-21 20:52:23,115 [INFO] CADModel:114 - Register for checkConnection events
2025-10-21 20:52:23,130 [INFO] IPUIPlugin:80 - create IPUIPlugin
2025-10-21 20:52:23,130 [INFO] PluginManager:220 - loadIPPluginJar : add adc
2025-10-21 20:52:23,133 [INFO] IPUIPlugin:80 - create IPUIPlugin
2025-10-21 20:52:23,133 [INFO] PluginManager:220 - loadIPPluginJar : add aes
2025-10-21 20:52:23,136 [INFO] IPUIPlugin:80 - create IPUIPlugin
2025-10-21 20:52:23,136 [INFO] PluginManager:220 - loadIPPluginJar : add can
2025-10-21 20:52:23,139 [INFO] IPUIPlugin:80 - create IPUIPlugin
2025-10-21 20:52:23,139 [INFO] PluginManager:220 - loadIPPluginJar : add comp
2025-10-21 20:52:23,142 [INFO] IPUIPlugin:80 - create IPUIPlugin
2025-10-21 20:52:23,143 [INFO] PluginManager:220 - loadIPPluginJar : add cryp
2025-10-21 20:52:23,146 [INFO] IPUIPlugin:80 - create IPUIPlugin
2025-10-21 20:52:23,146 [INFO] PluginManager:220 - loadIPPluginJar : add ddr_ctrl_phy
2025-10-21 20:52:23,148 [INFO] IPUIPlugin:80 - create IPUIPlugin
2025-10-21 20:52:23,148 [INFO] PluginManager:220 - loadIPPluginJar : add dfsdm
2025-10-21 20:52:23,153 [INFO] IPUIPlugin:80 - create IPUIPlugin
2025-10-21 20:52:23,154 [INFO] PluginManager:220 - loadIPPluginJar : add dma
2025-10-21 20:52:23,157 [INFO] IPUIPlugin:80 - create IPUIPlugin
2025-10-21 20:52:23,157 [INFO] PluginManager:220 - loadIPPluginJar : add dma3
2025-10-21 20:52:23,161 [INFO] IPUIPlugin:80 - create IPUIPlugin
2025-10-21 20:52:23,161 [INFO] PluginManager:220 - loadIPPluginJar : add extmemmanager
2025-10-21 20:52:23,163 [INFO] IPUIPlugin:80 - create IPUIPlugin
2025-10-21 20:52:23,163 [INFO] PluginManager:220 - loadIPPluginJar : add fatfs
2025-10-21 20:52:23,168 [INFO] IPUIPlugin:80 - create IPUIPlugin
2025-10-21 20:52:23,168 [INFO] PluginManager:220 - loadIPPluginJar : add fmc
2025-10-21 20:52:23,173 [INFO] IPUIPlugin:80 - create IPUIPlugin
2025-10-21 20:52:23,173 [INFO] PluginManager:220 - loadIPPluginJar : add freertos
2025-10-21 20:52:23,177 [INFO] IPUIPlugin:80 - create IPUIPlugin
2025-10-21 20:52:23,177 [INFO] PluginManager:220 - loadIPPluginJar : add genericplugin
2025-10-21 20:52:23,180 [INFO] IPUIPlugin:80 - create IPUIPlugin
2025-10-21 20:52:23,180 [INFO] PluginManager:220 - loadIPPluginJar : add gfxmmu
2025-10-21 20:52:23,184 [INFO] IPUIPlugin:80 - create IPUIPlugin
2025-10-21 20:52:23,184 [INFO] PluginManager:220 - loadIPPluginJar : add gic
2025-10-21 20:52:23,187 [INFO] IPUIPlugin:80 - create IPUIPlugin
2025-10-21 20:52:23,188 [INFO] PluginManager:220 - loadIPPluginJar : add gpio
2025-10-21 20:52:23,192 [INFO] IPUIPlugin:80 - create IPUIPlugin
2025-10-21 20:52:23,192 [INFO] PluginManager:220 - loadIPPluginJar : add gtzc
2025-10-21 20:52:23,195 [INFO] IPUIPlugin:80 - create IPUIPlugin
2025-10-21 20:52:23,195 [INFO] PluginManager:220 - loadIPPluginJar : add hash
2025-10-21 20:52:23,198 [INFO] IPUIPlugin:80 - create IPUIPlugin
2025-10-21 20:52:23,198 [INFO] PluginManager:220 - loadIPPluginJar : add i2c
2025-10-21 20:52:23,200 [INFO] IPUIPlugin:80 - create IPUIPlugin
2025-10-21 20:52:23,201 [INFO] PluginManager:220 - loadIPPluginJar : add i2s
2025-10-21 20:52:23,203 [INFO] IPUIPlugin:80 - create IPUIPlugin
2025-10-21 20:52:23,204 [INFO] PluginManager:220 - loadIPPluginJar : add i3c
2025-10-21 20:52:23,207 [INFO] IPUIPlugin:80 - create IPUIPlugin
2025-10-21 20:52:23,207 [INFO] PluginManager:220 - loadIPPluginJar : add ipddr
2025-10-21 20:52:23,215 [INFO] IPUIPlugin:80 - create IPUIPlugin
2025-10-21 20:52:23,215 [INFO] PluginManager:220 - loadIPPluginJar : add linkedlist
2025-10-21 20:52:23,219 [INFO] IPUIPlugin:80 - create IPUIPlugin
2025-10-21 20:52:23,219 [INFO] PluginManager:220 - loadIPPluginJar : add lorawan
2025-10-21 20:52:23,221 [INFO] IPUIPlugin:80 - create IPUIPlugin
2025-10-21 20:52:23,221 [INFO] PluginManager:220 - loadIPPluginJar : add ltdc
2025-10-21 20:52:23,227 [INFO] IPUIPlugin:80 - create IPUIPlugin
2025-10-21 20:52:23,228 [INFO] PluginManager:220 - loadIPPluginJar : add mdma
2025-10-21 20:52:23,232 [INFO] IPUIPlugin:80 - create IPUIPlugin
2025-10-21 20:52:23,232 [INFO] PluginManager:220 - loadIPPluginJar : add nvic
2025-10-21 20:52:23,234 [INFO] IPUIPlugin:80 - create IPUIPlugin
2025-10-21 20:52:23,234 [INFO] PluginManager:220 - loadIPPluginJar : add opamp
2025-10-21 20:52:23,238 [INFO] IPUIPlugin:80 - create IPUIPlugin
2025-10-21 20:52:23,239 [INFO] PluginManager:220 - loadIPPluginJar : add openamp
2025-10-21 20:52:23,243 [INFO] IPUIPlugin:80 - create IPUIPlugin
2025-10-21 20:52:23,243 [INFO] PluginManager:220 - loadIPPluginJar : add pdm2pcm
2025-10-21 20:52:23,248 [INFO] IPUIPlugin:80 - create IPUIPlugin
2025-10-21 20:52:23,250 [INFO] PluginManager:220 - loadIPPluginJar : add plateformsettings
2025-10-21 20:52:23,252 [INFO] IPUIPlugin:80 - create IPUIPlugin
2025-10-21 20:52:23,252 [INFO] PluginManager:220 - loadIPPluginJar : add quadspi
2025-10-21 20:52:23,254 [INFO] IPUIPlugin:80 - create IPUIPlugin
2025-10-21 20:52:23,255 [INFO] PluginManager:220 - loadIPPluginJar : add radio
2025-10-21 20:52:23,260 [INFO] IPUIPlugin:80 - create IPUIPlugin
2025-10-21 20:52:23,260 [INFO] PluginManager:220 - loadIPPluginJar : add resmgrutility
2025-10-21 20:52:23,263 [INFO] IPUIPlugin:80 - create IPUIPlugin
2025-10-21 20:52:23,263 [INFO] PluginManager:220 - loadIPPluginJar : add sai
2025-10-21 20:52:23,265 [INFO] IPUIPlugin:80 - create IPUIPlugin
2025-10-21 20:52:23,265 [INFO] PluginManager:220 - loadIPPluginJar : add spi
2025-10-21 20:52:23,272 [INFO] IPUIPlugin:80 - create IPUIPlugin
2025-10-21 20:52:23,272 [INFO] PluginManager:220 - loadIPPluginJar : add stm32_wpan
2025-10-21 20:52:23,274 [INFO] IPUIPlugin:80 - create IPUIPlugin
2025-10-21 20:52:23,274 [INFO] PluginManager:220 - loadIPPluginJar : add tim
2025-10-21 20:52:23,278 [INFO] IPUIPlugin:80 - create IPUIPlugin
2025-10-21 20:52:23,279 [INFO] PluginManager:220 - loadIPPluginJar : add touchsensing
2025-10-21 20:52:23,281 [INFO] IPUIPlugin:80 - create IPUIPlugin
2025-10-21 20:52:23,281 [INFO] PluginManager:220 - loadIPPluginJar : add tracer_emb
2025-10-21 20:52:23,285 [INFO] IPUIPlugin:80 - create IPUIPlugin
2025-10-21 20:52:23,285 [INFO] PluginManager:220 - loadIPPluginJar : add ts
2025-10-21 20:52:23,287 [INFO] IPUIPlugin:80 - create IPUIPlugin
2025-10-21 20:52:23,287 [INFO] PluginManager:220 - loadIPPluginJar : add tsc
2025-10-21 20:52:23,289 [INFO] IPUIPlugin:80 - create IPUIPlugin
2025-10-21 20:52:23,289 [INFO] PluginManager:220 - loadIPPluginJar : add ucpd
2025-10-21 20:52:23,293 [INFO] IPUIPlugin:80 - create IPUIPlugin
2025-10-21 20:52:23,293 [INFO] PluginManager:220 - loadIPPluginJar : add usart
2025-10-21 20:52:23,297 [INFO] IPUIPlugin:80 - create IPUIPlugin
2025-10-21 20:52:23,297 [INFO] PluginManager:220 - loadIPPluginJar : add usbx
2025-10-21 20:52:23,483 [FATAL] Updater:351 - Updater called before beeing initialized
2025-10-21 20:52:23,528 [INFO] RulesReader:64 - Compatibility file has been processed (317 Rules)
2025-10-21 20:52:23,547 [INFO] RulesReader:64 - Compatibility file has been processed (317 Rules)
2025-10-21 20:52:23,561 [INFO] CADModel:165 - CPN selected for project level
2025-10-21 20:52:23,563 [INFO] CADModel:114 - Register for checkConnection events
2025-10-21 20:52:23,563 [FATAL] Updater:351 - Updater called before beeing initialized
2025-10-21 20:52:23,563 [ERROR] CADModel:125 - Updater not yet initialized, retry later 
2025-10-21 20:52:23,786 [FATAL] Updater:351 - Updater called before beeing initialized
2025-10-21 20:52:23,788 [INFO] CADModel:165 - CPN selected for project level
2025-10-21 20:52:23,788 [INFO] CADModel:114 - Register for checkConnection events
2025-10-21 20:52:23,788 [FATAL] Updater:351 - Updater called before beeing initialized
2025-10-21 20:52:23,788 [ERROR] CADModel:125 - Updater not yet initialized, retry later 
2025-10-21 20:52:23,794 [FATAL] Updater:351 - Updater called before beeing initialized
2025-10-21 20:52:24,062 [FATAL] Updater:351 - Updater called before beeing initialized
2025-10-21 20:52:24,066 [INFO] DbMcusAds:53 - JSON generation date=Thu Oct 02 17:36:05 CST 2025 (1759397765645)
2025-10-21 20:52:24,066 [FATAL] Updater:351 - Updater called before beeing initialized
2025-10-21 20:52:24,112 [WARN] DetailPanel:346 - Failed to get advertising image, set to default
2025-10-21 20:52:24,241 [FATAL] Updater:351 - Updater called before beeing initialized
2025-10-21 20:52:24,245 [FATAL] Updater:351 - Updater called before beeing initialized
2025-10-21 20:52:24,245 [FATAL] Updater:351 - Updater called before beeing initialized
2025-10-21 20:52:24,245 [WARN] DetailPanel:346 - Failed to get advertising image, set to default
2025-10-21 20:52:24,246 [FATAL] Updater:351 - Updater called before beeing initialized
2025-10-21 20:52:24,362 [ERROR] Updater:1198 - MainUpdater not yet initialized. External WinMGr cannot be set.
2025-10-21 20:52:24,365 [INFO] Updater:1134 - Updater Version found : 6.15.0
2025-10-21 20:52:24,384 [INFO] ApplicationProperties:184 - Using Application install path: D:\CubeIDE\STM32CubeIDE_1.19.0\STM32CubeIDE\plugins\com.st.stm32cube.common.mx_6.15.0.202507011659
2025-10-21 20:52:25,299 [INFO] ThirdPartyUpdaterWithRetryManager:70 - Updater plugin not ready yet. [2/15]
2025-10-21 20:52:26,013 [ERROR] LogOutputStream:75 - [STDERR_REDIRECT] Oct 21, 2025 8:52:26 PM java.util.prefs.WindowsPreferences <init>
2025-10-21 20:52:26,015 [ERROR] LogOutputStream:75 - [STDERR_REDIRECT] WARNING: Could not open/create prefs root node Software\JavaSoft\Prefs at root 0xffffffff80000002. Windows RegCreateKeyEx(...) returned error code 5.
2025-10-21 20:52:26,015 [ERROR] LogOutputStream:75 - [STDERR_REDIRECT] 
2025-10-21 20:52:26,634 [INFO] MainUpdater:2872 - connection check result : 10
2025-10-21 20:52:26,636 [INFO] MainUpdater:289 - Updater Check For Update Now.
2025-10-21 20:52:26,636 [INFO] MicroXplorer:498 - Change Database Version : DB.6.0.150
2025-10-21 20:52:26,714 [INFO] McuFinderGlobals:63 - Set McuFinder mode to 2 (CubeIDE integrated)
2025-10-21 20:52:26,716 [INFO] UserAuth:487 - Internet connection configuration mode: 1
2025-10-21 20:52:26,771 [INFO] JxBrowserEngine:152 - Initiate JxBrowser Engine with user profile folder
2025-10-21 20:52:26,947 [INFO] CheckServerUpdateThread:120 - End of CheckServer Thread
2025-10-21 20:52:28,086 [INFO] WebApp:169 - Instantiating new browser for Auth
2025-10-21 20:52:28,651 [WARN] PackLoader:240 - Cannot read IP mode file for STMicroelectronics.FP-SNS-MOTENVWB1.1.4.0
2025-10-21 20:52:28,665 [WARN] PackLoader:240 - Cannot read IP mode file for STMicroelectronics.FP-ATR-ASTRA1.2.0.2
2025-10-21 20:52:28,682 [WARN] PackLoader:240 - Cannot read IP mode file for STMicroelectronics.X-CUBE-SMBUS.2.1.0
2025-10-21 20:52:28,691 [WARN] PackLoader:240 - Cannot read IP mode file for STMicroelectronics.X-CUBE-ST60.1.0.0
2025-10-21 20:52:28,743 [WARN] PackLoader:240 - Cannot read IP mode file for STMicroelectronics.X-CUBE-AZRTOS-F7.1.1.0
2025-10-21 20:52:28,763 [WARN] PackLoader:240 - Cannot read IP mode file for Cesanta.I-CUBE-Mongoose.7.19.0
2025-10-21 20:52:28,804 [WARN] PackLoader:240 - Cannot read IP mode file for Infineon.AIROC-Wi-Fi-Bluetooth-STM32.1.7.1
2025-10-21 20:52:28,847 [WARN] PackLoader:240 - Cannot read IP mode file for STMicroelectronics.X-CUBE-AZRTOS-H7.3.4.0
2025-10-21 20:52:28,862 [WARN] PackLoader:240 - Cannot read IP mode file for STMicroelectronics.X-CUBE-DISPLAY.3.0.0
2025-10-21 20:52:28,880 [WARN] PackLoader:240 - Cannot read IP mode file for STMicroelectronics.X-CUBE-NFC10.1.0.0
2025-10-21 20:52:28,890 [WARN] PackLoader:240 - Cannot read IP mode file for STMicroelectronics.X-CUBE-ST60.1.1.0
2025-10-21 20:52:28,898 [WARN] PackLoader:240 - Cannot read IP mode file for emotas.I-CUBE-CANOPEN.1.3.0
2025-10-21 20:52:28,907 [WARN] PackLoader:240 - Cannot read IP mode file for STMicroelectronics.FP-SNS-STBOX1.2.1.0
2025-10-21 20:52:28,917 [WARN] PackLoader:240 - Cannot read IP mode file for STMicroelectronics.FP-SNS-SMARTAG2.1.2.0
2025-10-21 20:52:28,924 [WARN] PackLoader:240 - Cannot read IP mode file for STMicroelectronics.FP-SNS-FLIGHT1.5.1.0
2025-10-21 20:52:28,935 [INFO] LogOutputStream:77 - [STDOUT_REDIRECT] 1 : Invalid condition id : UX_CORESTACK_Condition cause : null
2025-10-21 20:52:28,936 [INFO] LogOutputStream:77 - [STDOUT_REDIRECT] 1 : Invalid condition id : UX_CORESTACK_Condition cause : null
2025-10-21 20:52:28,938 [INFO] LogOutputStream:77 - [STDOUT_REDIRECT] 1 : Invalid condition id : UX_CORESTACK_Condition cause : null
2025-10-21 20:52:28,939 [INFO] LogOutputStream:77 - [STDOUT_REDIRECT] 1 : Invalid condition id : UX_CORESTACK_Condition cause : null
2025-10-21 20:52:28,940 [INFO] LogOutputStream:77 - [STDOUT_REDIRECT] 1 : Invalid condition id : UX_CORESTACK_Condition cause : null
2025-10-21 20:52:28,943 [WARN] PackLoader:240 - Cannot read IP mode file for STMicroelectronics.X-CUBE-AZRTOS-WL.2.0.0
2025-10-21 20:52:28,950 [WARN] PackLoader:240 - Cannot read IP mode file for STMicroelectronics.FP-SNS-MOTENV1.5.0.0
2025-10-21 20:52:28,962 [WARN] PackLoader:240 - Cannot read IP mode file for STMicroelectronics.X-CUBE-BLE2.3.3.0
2025-10-21 20:52:28,970 [WARN] PackLoader:240 - Cannot read IP mode file for STMicroelectronics.X-CUBE-NFC9.1.0.0
2025-10-21 20:52:29,050 [WARN] PackLoader:240 - Cannot read IP mode file for wolfSSL.I-CUBE-wolfSSL.5.8.2
2025-10-21 20:52:29,058 [WARN] PackLoader:240 - Cannot read IP mode file for STMicroelectronics.X-CUBE-BLE1.7.1.0
2025-10-21 20:52:29,064 [WARN] PackLoader:240 - Cannot read IP mode file for wolfSSL.I-CUBE-wolfMQTT.1.19.2
2025-10-21 20:52:29,111 [WARN] PackLoader:240 - Cannot read IP mode file for STMicroelectronics.X-CUBE-EEPRMA1.5.2.0
2025-10-21 20:52:29,130 [WARN] PackLoader:240 - Cannot read IP mode file for STMicroelectronics.X-CUBE-ST67W61.1.1.0
2025-10-21 20:52:29,152 [WARN] PackLoader:240 - Cannot read IP mode file for STMicroelectronics.X-CUBE-AZRTOS-G0.1.1.0
2025-10-21 20:52:29,165 [WARN] PackLoader:240 - Cannot read IP mode file for STMicroelectronics.X-CUBE-SAFEA1.1.2.2
2025-10-21 20:52:29,178 [WARN] PackLoader:240 - Cannot read IP mode file for STMicroelectronics.X-CUBE-NFC4.3.0.0
2025-10-21 20:52:29,194 [WARN] PackLoader:240 - Cannot read IP mode file for EmbeddedOffice.I-CUBE-FS-RTOS.1.0.1
2025-10-21 20:52:29,202 [WARN] PackLoader:240 - Cannot read IP mode file for STMicroelectronics.X-CUBE-WB05N.2.0.0
2025-10-21 20:52:29,212 [WARN] PackLoader:240 - Cannot read IP mode file for wolfSSL.I-CUBE-wolfTPM.3.8.0
2025-10-21 20:52:29,220 [WARN] PackLoader:240 - Cannot read IP mode file for STMicroelectronics.X-CUBE-TCPP.4.2.0
2025-10-21 20:52:29,230 [WARN] PackLoader:240 - Cannot read IP mode file for RealThread.X-CUBE-RT-Thread_Nano.4.1.1
2025-10-21 20:52:29,237 [WARN] PackLoader:240 - Cannot read IP mode file for STMicroelectronics.FP-ATR-SIGFOX1.3.2.0
2025-10-21 20:52:29,247 [WARN] PackLoader:240 - Cannot read IP mode file for ITTIA_DB.I-CUBE-ITTIADB.8.9.0
2025-10-21 20:52:29,254 [WARN] PackLoader:240 - Cannot read IP mode file for STMicroelectronics.X-CUBE-ST67W61.1.0.0
2025-10-21 20:52:29,261 [WARN] PackLoader:240 - Cannot read IP mode file for STMicroelectronics.X-CUBE-AI.10.2.0
2025-10-21 20:52:29,305 [WARN] PackLoader:240 - Cannot read IP mode file for SEGGER.I-CUBE-embOS.1.3.1
2025-10-21 20:52:29,354 [WARN] PackLoader:240 - Cannot read IP mode file for STMicroelectronics.X-CUBE-ALGOBUILD.1.4.0
2025-10-21 20:52:29,371 [INFO] WebApp:463 - Apply proxy settings
2025-10-21 20:52:29,371 [INFO] WebApp:548 - Chromium requires no authentication
2025-10-21 20:52:29,387 [INFO] WebApp:491 - Direct internet connection detected
2025-10-21 20:52:29,398 [WARN] PackLoader:240 - Cannot read IP mode file for STMicroelectronics.X-CUBE-MEMS1.11.3.0
2025-10-21 20:52:29,438 [INFO] WebApp:900 - Register for checkConnection events
2025-10-21 20:52:29,438 [INFO] WebApp:463 - Apply proxy settings
2025-10-21 20:52:29,438 [INFO] WebApp:548 - Chromium requires no authentication
2025-10-21 20:52:29,438 [INFO] WebApp:491 - Direct internet connection detected
2025-10-21 20:52:29,559 [WARN] PackLoader:240 - Cannot read IP mode file for STMicroelectronics.X-CUBE-PM33A1.1.0.0
2025-10-21 20:52:29,579 [WARN] PackLoader:240 - Cannot read IP mode file for STMicroelectronics.X-CUBE-AZRTOS-F4.1.1.0
2025-10-21 20:52:29,610 [WARN] PackLoader:240 - Cannot read IP mode file for STMicroelectronics.X-CUBE-ISPU.2.1.0
2025-10-21 20:52:29,628 [WARN] PackLoader:240 - Cannot read IP mode file for STMicroelectronics.X-CUBE-IPS.3.2.0
2025-10-21 20:52:29,642 [WARN] PackLoader:240 - Cannot read IP mode file for STMicroelectronics.X-CUBE-NFC12.1.0.0
2025-10-21 20:52:29,658 [WARN] PackLoader:240 - Cannot read IP mode file for STMicroelectronics.X-CUBE-AZRTOS-L5.2.0.0
2025-10-21 20:52:29,668 [WARN] PackLoader:240 - Cannot read IP mode file for STMicroelectronics.X-CUBE-NFC6.3.1.0
2025-10-21 20:52:29,677 [WARN] PackLoader:240 - Cannot read IP mode file for STMicroelectronics.X-CUBE-FREERTOS.1.3.1
2025-10-21 20:52:29,684 [WARN] PackLoader:240 - Cannot read IP mode file for STMicroelectronics.X-CUBE-TOUCHGFX.4.26.0
2025-10-21 20:52:29,691 [WARN] PackLoader:240 - Cannot read IP mode file for STMicroelectronics.FP-SNS-STAIOTCFT.1.0.0
2025-10-21 20:52:29,709 [WARN] PackLoader:240 - Cannot read IP mode file for STMicroelectronics.X-CUBE-DPower.1.3.0
2025-10-21 20:52:29,724 [WARN] ConditionMgr:438 - getConditionDescription Invalid condition id : LAN8742 Phy interface Condition cause : null
2025-10-21 20:52:29,725 [WARN] PackLoader:240 - Cannot read IP mode file for STMicroelectronics.X-CUBE-AZRTOS-L4.2.0.0
2025-10-21 20:52:29,726 [WARN] ConditionMgr:1044 - genDependencies : Invalid condition id : LAN8742 Phy interface Condition cause : null
2025-10-21 20:52:29,726 [WARN] ConditionMgr:1044 - genDependencies : Invalid condition id : LAN8742 Phy interface Condition cause : null
2025-10-21 20:52:29,726 [WARN] ConditionMgr:1044 - genDependencies : Invalid condition id : LAN8742 Phy interface Condition cause : null
2025-10-21 20:52:29,735 [WARN] PackLoader:240 - Cannot read IP mode file for STMicroelectronics.X-CUBE-SFXS2LP1.4.0.0
2025-10-21 20:52:29,747 [WARN] PackLoader:240 - Cannot read IP mode file for STMicroelectronics.X-CUBE-BLEMGR.4.1.0
2025-10-21 20:52:29,764 [WARN] ConditionMgr:438 - getConditionDescription Invalid condition id : UX DEVICE CLASS RTOS Condition cause : null
2025-10-21 20:52:29,765 [WARN] ConditionMgr:438 - getConditionDescription Invalid condition id : UX DEVICE CLASS RTOS Condition cause : null
2025-10-21 20:52:29,767 [WARN] PackLoader:240 - Cannot read IP mode file for STMicroelectronics.X-CUBE-AZRTOS-WB.2.0.0
2025-10-21 20:52:29,767 [WARN] ConditionMgr:1044 - genDependencies : Invalid condition id : UX DEVICE CLASS RTOS Condition cause : null
2025-10-21 20:52:29,767 [WARN] ConditionMgr:1044 - genDependencies : Invalid condition id : UX DEVICE CLASS RTOS Condition cause : null
2025-10-21 20:52:29,767 [WARN] ConditionMgr:1044 - genDependencies : Invalid condition id : UX DEVICE CLASS RTOS Condition cause : null
2025-10-21 20:52:29,767 [WARN] ConditionMgr:1044 - genDependencies : Invalid condition id : UX DEVICE CLASS RTOS Condition cause : null
2025-10-21 20:52:29,767 [WARN] ConditionMgr:1044 - genDependencies : Invalid condition id : UX DEVICE CLASS RTOS Condition cause : null
2025-10-21 20:52:29,775 [WARN] PackLoader:240 - Cannot read IP mode file for STMicroelectronics.X-CUBE-GNSS1.7.0.1
2025-10-21 20:52:29,783 [WARN] ConditionMgr:438 - getConditionDescription Invalid condition id : Cortex-A Device cause : null
2025-10-21 20:52:29,809 [WARN] ConditionMgr:1044 - genDependencies : Invalid condition id : Cortex-A Device cause : null
2025-10-21 20:52:29,809 [WARN] ConditionMgr:1044 - genDependencies : Invalid condition id : Cortex-A Device cause : null
2025-10-21 20:52:29,809 [WARN] ConditionMgr:1044 - genDependencies : Invalid condition id : Cortex-A Device cause : null
2025-10-21 20:52:29,819 [WARN] PackLoader:240 - Cannot read IP mode file for STMicroelectronics.X-CUBE-SUBG2.5.0.0
2025-10-21 20:52:29,848 [WARN] PackLoader:240 - Cannot read IP mode file for STMicroelectronics.X-CUBE-AZRTOS-H7RS.1.1.0
2025-10-21 20:52:29,865 [WARN] PackLoader:240 - Cannot read IP mode file for STMicroelectronics.X-CUBE-AZRTOS-G4.2.0.0
2025-10-21 20:52:29,879 [WARN] PackLoader:240 - Cannot read IP mode file for wolfSSL.I-CUBE-wolfSSH.1.4.20
2025-10-21 20:52:29,885 [WARN] PackLoader:240 - Cannot read IP mode file for STMicroelectronics.X-CUBE-NFC7.2.0.0
2025-10-21 20:52:29,896 [WARN] PackLoader:240 - Cannot read IP mode file for STMicroelectronics.X-CUBE-IPS.3.1.0
2025-10-21 20:52:29,906 [WARN] PackLoader:240 - Cannot read IP mode file for STMicroelectronics.X-CUBE-ALS.1.0.2
2025-10-21 20:52:29,914 [WARN] PackLoader:240 - Cannot read IP mode file for STMicroelectronics.X-CUBE-STSE01.1.0.0
2025-10-21 20:52:29,925 [WARN] PackLoader:240 - Cannot read IP mode file for STMicroelectronics.X-CUBE-TOF1.3.4.3
2025-10-21 20:52:29,938 [INFO] ThirdParty:978 - Integrity check success = true
2025-10-21 20:52:29,938 [INFO] IntegrityCheckThread:100 - exiting critical section [integrity check]
2025-10-21 20:52:29,938 [INFO] IntegrityCheckThread:103 - End integrity checks thread
2025-10-21 20:52:29,962 [INFO] WebApp:225 - Starting web application
2025-10-21 20:52:29,963 [INFO] WebApp:593 - Web application path used D:\CubeIDE\STM32CubeIDE_1.19.0\STM32CubeIDE\plugins\com.st.stm32cube.common.mx_6.15.0.202507011659\db\plugins\mcufinder\reactClient1\index.html
2025-10-21 20:52:30,103 [INFO] UserAuth:487 - Internet connection configuration mode: 1
2025-10-21 20:52:59,845 [ERROR] LogOutputStream:75 - [STDERR_REDIRECT] 
2025-10-21 20:53:07,867 [INFO] Activator:176 - 


2025-10-21 20:53:07,870 [INFO] Activator:177 - !SESSION log4j initialized
2025-10-21 20:53:11,333 [INFO] LogOutputStream:77 - [STDOUT_REDIRECT] 
2025-10-21 20:53:13,533 [INFO] ApplicationProperties:184 - Using Application install path: D:\CubeIDE\STM32CubeIDE_1.19.0\STM32CubeIDE\plugins\com.st.stm32cube.common.mx_6.15.0.202507011659
2025-10-21 20:53:13,555 [INFO] DbMcusXml:78 - Set database path to: D:\CubeIDE\STM32CubeIDE_1.19.0\STM32CubeIDE\plugins\com.st.stm32cube.common.mx_6.15.0.202507011659\\db\/mcu/
2025-10-21 20:53:13,555 [INFO] ApiDb:274 - Set plugin database path to: D:\CubeIDE\STM32CubeIDE_1.19.0\STM32CubeIDE\plugins\com.st.stm32cube.common.mx_6.15.0.202507011659\\db\/plugins/boardmanager/
2025-10-21 20:53:13,555 [WARN] ApiDb:259 - Overriding images path with different value:  => D:\CubeIDE\STM32CubeIDE_1.19.0\STM32CubeIDE\plugins\com.st.stm32cube.common.mx_6.15.0.202507011659\\db\/plugins/mcufinder/images/
2025-10-21 20:53:13,562 [INFO] ApiDb:250 - Set database path to: C:\Users\MR\.stmcufinder\plugins\mcufinder//mcu/
2025-10-21 20:53:13,563 [INFO] DbMcusAds:125 - Set database path to: C:\Users\MR\.stmcufinder\plugins\mcufinder//mcu/
2025-10-21 20:53:13,565 [INFO] CrossReferenceDbSqlite:203 - Set database path to: C:\Users\MR\.stmcufinder\plugins\mcufinder//mcu/cs/
2025-10-21 20:53:13,673 [INFO] RulesReader:64 - Compatibility file has been processed (317 Rules)
2025-10-21 20:53:13,830 [INFO] DbMcusXml:78 - Set database path to: D:\CubeIDE\STM32CubeIDE_1.19.0\STM32CubeIDE\plugins\com.st.stm32cube.common.mx_6.15.0.202507011659\\db\/mcu/
2025-10-21 20:53:13,831 [INFO] ApiDb:274 - Set plugin database path to: D:\CubeIDE\STM32CubeIDE_1.19.0\STM32CubeIDE\plugins\com.st.stm32cube.common.mx_6.15.0.202507011659\\db\/plugins/boardmanager/
2025-10-21 20:53:13,831 [INFO] ApiDb:261 - Set plugin images path to: D:\CubeIDE\STM32CubeIDE_1.19.0\STM32CubeIDE\plugins\com.st.stm32cube.common.mx_6.15.0.202507011659\\db\/plugins/mcufinder/images/
2025-10-21 20:53:13,831 [WARN] DbFile:41 - Overriding database path with different value: C:\Users\MR\.stmcufinder\plugins\mcufinder/ => C:\Users\MR\.stmcufinder\plugins\mcufinder
2025-10-21 20:53:13,831 [INFO] ApiDb:250 - Set database path to: C:\Users\MR\.stmcufinder\plugins\mcufinder//mcu/
2025-10-21 20:53:13,831 [WARN] DbFile:41 - Overriding database path with different value: C:\Users\MR\.stmcufinder\plugins\mcufinder/ => C:\Users\MR\.stmcufinder\plugins\mcufinder
2025-10-21 20:53:13,831 [INFO] DbMcusAds:125 - Set database path to: C:\Users\MR\.stmcufinder\plugins\mcufinder//mcu/
2025-10-21 20:53:13,831 [WARN] DbFile:41 - Overriding database path with different value: C:\Users\MR\.stmcufinder\plugins\mcufinder/ => C:\Users\MR\.stmcufinder\plugins\mcufinder
2025-10-21 20:53:13,831 [WARN] DbFile:41 - Overriding database path with different value: C:\Users\MR\.stmcufinder\plugins\mcufinder/ => C:\Users\MR\.stmcufinder\plugins\mcufinder
2025-10-21 20:53:13,831 [INFO] CrossReferenceDbSqlite:203 - Set database path to: C:\Users\MR\.stmcufinder\plugins\mcufinder//mcu/cs/
2025-10-21 20:53:13,921 [INFO] MainPanel:274 - HeapMemory: 268435456
2025-10-21 20:53:13,985 [INFO] DbMcusXml:78 - Set database path to: D:\CubeIDE\STM32CubeIDE_1.19.0\STM32CubeIDE\plugins\com.st.stm32cube.common.mx_6.15.0.202507011659\\db\/mcu/
2025-10-21 20:53:13,986 [INFO] ApiDb:274 - Set plugin database path to: D:\CubeIDE\STM32CubeIDE_1.19.0\STM32CubeIDE\plugins\com.st.stm32cube.common.mx_6.15.0.202507011659\\db\/plugins/boardmanager/
2025-10-21 20:53:13,986 [INFO] ApiDb:261 - Set plugin images path to: D:\CubeIDE\STM32CubeIDE_1.19.0\STM32CubeIDE\plugins\com.st.stm32cube.common.mx_6.15.0.202507011659\\db\/plugins/mcufinder/images/
2025-10-21 20:53:13,986 [WARN] DbFile:41 - Overriding database path with different value: C:\Users\MR\.stmcufinder\plugins\mcufinder/ => C:\Users\MR\.stmcufinder\plugins\mcufinder
2025-10-21 20:53:13,986 [INFO] ApiDb:250 - Set database path to: C:\Users\MR\.stmcufinder\plugins\mcufinder//mcu/
2025-10-21 20:53:13,986 [WARN] DbFile:41 - Overriding database path with different value: C:\Users\MR\.stmcufinder\plugins\mcufinder/ => C:\Users\MR\.stmcufinder\plugins\mcufinder
2025-10-21 20:53:13,986 [INFO] DbMcusAds:125 - Set database path to: C:\Users\MR\.stmcufinder\plugins\mcufinder//mcu/
2025-10-21 20:53:13,986 [WARN] DbFile:41 - Overriding database path with different value: C:\Users\MR\.stmcufinder\plugins\mcufinder/ => C:\Users\MR\.stmcufinder\plugins\mcufinder
2025-10-21 20:53:13,986 [WARN] DbFile:41 - Overriding database path with different value: C:\Users\MR\.stmcufinder\plugins\mcufinder/ => C:\Users\MR\.stmcufinder\plugins\mcufinder
2025-10-21 20:53:13,986 [INFO] CrossReferenceDbSqlite:203 - Set database path to: C:\Users\MR\.stmcufinder\plugins\mcufinder//mcu/cs/
2025-10-21 20:53:14,052 [INFO] ApplicationProperties:184 - Using Application install path: D:\CubeIDE\STM32CubeIDE_1.19.0\STM32CubeIDE\plugins\com.st.stm32cube.common.mx_6.15.0.202507011659
2025-10-21 20:53:14,053 [INFO] PluginManage:196 - Search for loadable plugins [exclusion list=, ]
2025-10-21 20:53:14,054 [INFO] PluginManage:310 - Check plugin analytics
2025-10-21 20:53:14,272 [INFO] AnalyticsPlugin:253 - Accepted Software Licenses: STM32CubeMX.6.15.0
2025-10-21 20:53:14,273 [INFO] AnalyticsPlugin:255 - Accepted CMSIS Pack Licenses: 
2025-10-21 20:53:14,273 [INFO] AnalyticsPlugin:257 - Accepted Firmware Licenses: 
2025-10-21 20:53:14,278 [INFO] PluginManage:359 - Loaded plugin analytics (category:tool,tabindex:-1)
2025-10-21 20:53:14,278 [INFO] PluginManage:310 - Check plugin cadmodel
2025-10-21 20:53:14,283 [INFO] CADModel:105 - Init CAD model plugin
2025-10-21 20:53:14,283 [INFO] PluginManage:359 - Loaded plugin cadmodel (category:power,tabindex:5)
2025-10-21 20:53:14,283 [INFO] PluginManage:310 - Check plugin clock
2025-10-21 20:53:14,290 [INFO] PluginManage:359 - Loaded plugin clock (category:base,tabindex:2)
2025-10-21 20:53:14,290 [INFO] PluginManage:310 - Check plugin ddr
2025-10-21 20:53:14,293 [INFO] PluginManage:359 - Loaded plugin ddr (category:tool,tabindex:6)
2025-10-21 20:53:14,293 [INFO] PluginManage:310 - Check plugin filemanager
2025-10-21 20:53:14,521 [INFO] PluginManage:359 - Loaded plugin filemanager (category:base,tabindex:10)
2025-10-21 20:53:14,521 [INFO] PluginManage:310 - Check plugin ipmanager
2025-10-21 20:53:14,529 [INFO] PluginManage:359 - Loaded plugin ipmanager (category:base,tabindex:5)
2025-10-21 20:53:14,529 [INFO] PluginManage:310 - Check plugin lpbam
2025-10-21 20:53:14,534 [INFO] PluginManage:359 - Loaded plugin lpbam (category:base,tabindex:0)
2025-10-21 20:53:14,534 [INFO] PluginManage:310 - Check plugin memorymap
2025-10-21 20:53:14,544 [INFO] PluginManage:359 - Loaded plugin memorymap (category:base,tabindex:4)
2025-10-21 20:53:14,544 [INFO] PluginManage:310 - Check plugin pinoutandconfiguration
2025-10-21 20:53:14,551 [INFO] PluginManage:359 - Loaded plugin pinoutandconfiguration (category:base,tabindex:1)
2025-10-21 20:53:14,551 [INFO] PluginManage:310 - Check plugin pinoutconfig
2025-10-21 20:53:14,667 [WARN] SupportedApi:132 - Cannot load RTOS API schema: s4s-elt-must-match.1: The content of 'definitions' must match (annotation?, (simpleType | complexType)?, (unique | key | keyref)*)). A problem was found starting at: attribute.
2025-10-21 20:53:14,763 [INFO] PluginManage:359 - Loaded plugin pinoutconfig (category:base,tabindex:0)
2025-10-21 20:53:14,763 [INFO] PluginManage:310 - Check plugin power
2025-10-21 20:53:14,769 [INFO] PluginManage:359 - Loaded plugin power (category:power,tabindex:4)
2025-10-21 20:53:14,769 [INFO] PluginManage:310 - Check plugin projectmanager
2025-10-21 20:53:14,785 [INFO] PluginManage:359 - Loaded plugin projectmanager (category:projectmanager,tabindex:4)
2025-10-21 20:53:14,785 [INFO] PluginManage:310 - Check plugin rif
2025-10-21 20:53:14,792 [INFO] PluginManage:359 - Loaded plugin rif (category:base,tabindex:3)
2025-10-21 20:53:14,792 [INFO] PluginManage:310 - Check plugin thirdparty
2025-10-21 20:53:14,917 [INFO] PluginManage:359 - Loaded plugin thirdparty (category:base,tabindex:-1)
2025-10-21 20:53:14,917 [WARN] IntegrityCheckThread:84 - waiting for thirdparty lock release [integrity check]
2025-10-21 20:53:14,917 [INFO] IntegrityCheckThread:86 - entering critical section [integrity check]
2025-10-21 20:53:14,917 [INFO] PluginManage:310 - Check plugin tools
2025-10-21 20:53:14,917 [INFO] ThirdPartyUpdaterWithRetryManager:70 - Updater plugin not ready yet. [1/15]
2025-10-21 20:53:14,920 [INFO] PluginManage:359 - Loaded plugin tools (category:base,tabindex:7)
2025-10-21 20:53:14,921 [INFO] PluginManage:310 - Check plugin tutovideos
2025-10-21 20:53:15,081 [INFO] PluginManage:359 - Loaded plugin tutovideos (category:base,tabindex:-1)
2025-10-21 20:53:15,082 [INFO] PluginManage:310 - Check plugin updater
2025-10-21 20:53:15,106 [INFO] PluginManage:359 - Loaded plugin updater (category:base,tabindex:12)
2025-10-21 20:53:15,148 [INFO] PluginManage:310 - Check plugin userauth
2025-10-21 20:53:15,153 [INFO] UserAuth:118 - Init User Auth plugin
2025-10-21 20:53:15,154 [INFO] PluginManage:359 - Loaded plugin userauth (category:base,tabindex:14)
2025-10-21 20:53:15,156 [INFO] PluginManage:283 - PluginManage : Loaded plugins [18]
2025-10-21 20:53:15,491 [INFO] PinOutPanel:1589 - setPackage(No Configuration,No Configuration)
2025-10-21 20:53:15,621 [INFO] CADModel:165 - CPN selected for project level
2025-10-21 20:53:15,621 [INFO] CADModel:114 - Register for checkConnection events
2025-10-21 20:53:15,642 [INFO] IPUIPlugin:80 - create IPUIPlugin
2025-10-21 20:53:15,642 [INFO] PluginManager:220 - loadIPPluginJar : add adc
2025-10-21 20:53:15,647 [INFO] IPUIPlugin:80 - create IPUIPlugin
2025-10-21 20:53:15,647 [INFO] PluginManager:220 - loadIPPluginJar : add aes
2025-10-21 20:53:15,650 [INFO] IPUIPlugin:80 - create IPUIPlugin
2025-10-21 20:53:15,650 [INFO] PluginManager:220 - loadIPPluginJar : add can
2025-10-21 20:53:15,652 [INFO] IPUIPlugin:80 - create IPUIPlugin
2025-10-21 20:53:15,652 [INFO] PluginManager:220 - loadIPPluginJar : add comp
2025-10-21 20:53:15,654 [INFO] IPUIPlugin:80 - create IPUIPlugin
2025-10-21 20:53:15,654 [INFO] PluginManager:220 - loadIPPluginJar : add cryp
2025-10-21 20:53:15,658 [INFO] IPUIPlugin:80 - create IPUIPlugin
2025-10-21 20:53:15,658 [INFO] PluginManager:220 - loadIPPluginJar : add ddr_ctrl_phy
2025-10-21 20:53:15,660 [INFO] IPUIPlugin:80 - create IPUIPlugin
2025-10-21 20:53:15,660 [INFO] PluginManager:220 - loadIPPluginJar : add dfsdm
2025-10-21 20:53:15,666 [INFO] IPUIPlugin:80 - create IPUIPlugin
2025-10-21 20:53:15,666 [INFO] PluginManager:220 - loadIPPluginJar : add dma
2025-10-21 20:53:15,666 [INFO] IPUIPlugin:80 - create IPUIPlugin
2025-10-21 20:53:15,666 [INFO] PluginManager:220 - loadIPPluginJar : add dma3
2025-10-21 20:53:15,672 [INFO] IPUIPlugin:80 - create IPUIPlugin
2025-10-21 20:53:15,672 [INFO] PluginManager:220 - loadIPPluginJar : add extmemmanager
2025-10-21 20:53:15,674 [INFO] IPUIPlugin:80 - create IPUIPlugin
2025-10-21 20:53:15,674 [INFO] PluginManager:220 - loadIPPluginJar : add fatfs
2025-10-21 20:53:15,674 [INFO] IPUIPlugin:80 - create IPUIPlugin
2025-10-21 20:53:15,674 [INFO] PluginManager:220 - loadIPPluginJar : add fmc
2025-10-21 20:53:15,684 [INFO] IPUIPlugin:80 - create IPUIPlugin
2025-10-21 20:53:15,686 [INFO] PluginManager:220 - loadIPPluginJar : add freertos
2025-10-21 20:53:15,686 [INFO] IPUIPlugin:80 - create IPUIPlugin
2025-10-21 20:53:15,686 [INFO] PluginManager:220 - loadIPPluginJar : add genericplugin
2025-10-21 20:53:15,689 [INFO] IPUIPlugin:80 - create IPUIPlugin
2025-10-21 20:53:15,689 [INFO] PluginManager:220 - loadIPPluginJar : add gfxmmu
2025-10-21 20:53:15,694 [INFO] IPUIPlugin:80 - create IPUIPlugin
2025-10-21 20:53:15,694 [INFO] PluginManager:220 - loadIPPluginJar : add gic
2025-10-21 20:53:15,697 [INFO] IPUIPlugin:80 - create IPUIPlugin
2025-10-21 20:53:15,697 [INFO] PluginManager:220 - loadIPPluginJar : add gpio
2025-10-21 20:53:15,699 [INFO] IPUIPlugin:80 - create IPUIPlugin
2025-10-21 20:53:15,699 [INFO] PluginManager:220 - loadIPPluginJar : add gtzc
2025-10-21 20:53:15,701 [INFO] IPUIPlugin:80 - create IPUIPlugin
2025-10-21 20:53:15,701 [INFO] PluginManager:220 - loadIPPluginJar : add hash
2025-10-21 20:53:15,701 [INFO] IPUIPlugin:80 - create IPUIPlugin
2025-10-21 20:53:15,701 [INFO] PluginManager:220 - loadIPPluginJar : add i2c
2025-10-21 20:53:15,705 [INFO] IPUIPlugin:80 - create IPUIPlugin
2025-10-21 20:53:15,707 [INFO] PluginManager:220 - loadIPPluginJar : add i2s
2025-10-21 20:53:15,709 [INFO] IPUIPlugin:80 - create IPUIPlugin
2025-10-21 20:53:15,709 [INFO] PluginManager:220 - loadIPPluginJar : add i3c
2025-10-21 20:53:15,716 [INFO] IPUIPlugin:80 - create IPUIPlugin
2025-10-21 20:53:15,716 [INFO] PluginManager:220 - loadIPPluginJar : add ipddr
2025-10-21 20:53:15,721 [INFO] IPUIPlugin:80 - create IPUIPlugin
2025-10-21 20:53:15,721 [INFO] PluginManager:220 - loadIPPluginJar : add linkedlist
2025-10-21 20:53:15,727 [INFO] IPUIPlugin:80 - create IPUIPlugin
2025-10-21 20:53:15,727 [INFO] PluginManager:220 - loadIPPluginJar : add lorawan
2025-10-21 20:53:15,728 [INFO] IPUIPlugin:80 - create IPUIPlugin
2025-10-21 20:53:15,728 [INFO] PluginManager:220 - loadIPPluginJar : add ltdc
2025-10-21 20:53:15,731 [INFO] IPUIPlugin:80 - create IPUIPlugin
2025-10-21 20:53:15,733 [INFO] PluginManager:220 - loadIPPluginJar : add mdma
2025-10-21 20:53:15,734 [INFO] IPUIPlugin:80 - create IPUIPlugin
2025-10-21 20:53:15,736 [INFO] PluginManager:220 - loadIPPluginJar : add nvic
2025-10-21 20:53:15,737 [INFO] IPUIPlugin:80 - create IPUIPlugin
2025-10-21 20:53:15,737 [INFO] PluginManager:220 - loadIPPluginJar : add opamp
2025-10-21 20:53:15,741 [INFO] IPUIPlugin:80 - create IPUIPlugin
2025-10-21 20:53:15,741 [INFO] PluginManager:220 - loadIPPluginJar : add openamp
2025-10-21 20:53:15,744 [INFO] IPUIPlugin:80 - create IPUIPlugin
2025-10-21 20:53:15,744 [INFO] PluginManager:220 - loadIPPluginJar : add pdm2pcm
2025-10-21 20:53:15,747 [INFO] IPUIPlugin:80 - create IPUIPlugin
2025-10-21 20:53:15,749 [INFO] PluginManager:220 - loadIPPluginJar : add plateformsettings
2025-10-21 20:53:15,751 [INFO] IPUIPlugin:80 - create IPUIPlugin
2025-10-21 20:53:15,751 [INFO] PluginManager:220 - loadIPPluginJar : add quadspi
2025-10-21 20:53:15,752 [INFO] IPUIPlugin:80 - create IPUIPlugin
2025-10-21 20:53:15,755 [INFO] PluginManager:220 - loadIPPluginJar : add radio
2025-10-21 20:53:15,757 [INFO] IPUIPlugin:80 - create IPUIPlugin
2025-10-21 20:53:15,757 [INFO] PluginManager:220 - loadIPPluginJar : add resmgrutility
2025-10-21 20:53:15,760 [INFO] IPUIPlugin:80 - create IPUIPlugin
2025-10-21 20:53:15,760 [INFO] PluginManager:220 - loadIPPluginJar : add sai
2025-10-21 20:53:15,760 [INFO] IPUIPlugin:80 - create IPUIPlugin
2025-10-21 20:53:15,760 [INFO] PluginManager:220 - loadIPPluginJar : add spi
2025-10-21 20:53:15,760 [INFO] IPUIPlugin:80 - create IPUIPlugin
2025-10-21 20:53:15,760 [INFO] PluginManager:220 - loadIPPluginJar : add stm32_wpan
2025-10-21 20:53:15,760 [INFO] IPUIPlugin:80 - create IPUIPlugin
2025-10-21 20:53:15,760 [INFO] PluginManager:220 - loadIPPluginJar : add tim
2025-10-21 20:53:15,769 [INFO] IPUIPlugin:80 - create IPUIPlugin
2025-10-21 20:53:15,769 [INFO] PluginManager:220 - loadIPPluginJar : add touchsensing
2025-10-21 20:53:15,769 [INFO] IPUIPlugin:80 - create IPUIPlugin
2025-10-21 20:53:15,769 [INFO] PluginManager:220 - loadIPPluginJar : add tracer_emb
2025-10-21 20:53:15,774 [INFO] IPUIPlugin:80 - create IPUIPlugin
2025-10-21 20:53:15,774 [INFO] PluginManager:220 - loadIPPluginJar : add ts
2025-10-21 20:53:15,774 [INFO] IPUIPlugin:80 - create IPUIPlugin
2025-10-21 20:53:15,776 [INFO] PluginManager:220 - loadIPPluginJar : add tsc
2025-10-21 20:53:15,778 [INFO] IPUIPlugin:80 - create IPUIPlugin
2025-10-21 20:53:15,778 [INFO] PluginManager:220 - loadIPPluginJar : add ucpd
2025-10-21 20:53:15,779 [INFO] IPUIPlugin:80 - create IPUIPlugin
2025-10-21 20:53:15,779 [INFO] PluginManager:220 - loadIPPluginJar : add usart
2025-10-21 20:53:15,779 [INFO] IPUIPlugin:80 - create IPUIPlugin
2025-10-21 20:53:15,779 [INFO] PluginManager:220 - loadIPPluginJar : add usbx
2025-10-21 20:53:15,945 [FATAL] Updater:351 - Updater called before beeing initialized
2025-10-21 20:53:15,976 [INFO] RulesReader:64 - Compatibility file has been processed (317 Rules)
2025-10-21 20:53:16,000 [INFO] RulesReader:64 - Compatibility file has been processed (317 Rules)
2025-10-21 20:53:16,019 [INFO] CADModel:165 - CPN selected for project level
2025-10-21 20:53:16,021 [INFO] CADModel:114 - Register for checkConnection events
2025-10-21 20:53:16,021 [FATAL] Updater:351 - Updater called before beeing initialized
2025-10-21 20:53:16,021 [ERROR] CADModel:125 - Updater not yet initialized, retry later 
2025-10-21 20:53:16,248 [FATAL] Updater:351 - Updater called before beeing initialized
2025-10-21 20:53:16,252 [INFO] CADModel:165 - CPN selected for project level
2025-10-21 20:53:16,252 [INFO] CADModel:114 - Register for checkConnection events
2025-10-21 20:53:16,252 [FATAL] Updater:351 - Updater called before beeing initialized
2025-10-21 20:53:16,252 [ERROR] CADModel:125 - Updater not yet initialized, retry later 
2025-10-21 20:53:16,253 [FATAL] Updater:351 - Updater called before beeing initialized
2025-10-21 20:53:16,419 [FATAL] Updater:351 - Updater called before beeing initialized
2025-10-21 20:53:16,423 [INFO] DbMcusAds:53 - JSON generation date=Thu Oct 02 17:36:05 CST 2025 (1759397765645)
2025-10-21 20:53:16,423 [FATAL] Updater:351 - Updater called before beeing initialized
2025-10-21 20:53:16,457 [WARN] DetailPanel:346 - Failed to get advertising image, set to default
2025-10-21 20:53:16,561 [FATAL] Updater:351 - Updater called before beeing initialized
2025-10-21 20:53:16,564 [FATAL] Updater:351 - Updater called before beeing initialized
2025-10-21 20:53:16,564 [FATAL] Updater:351 - Updater called before beeing initialized
2025-10-21 20:53:16,566 [WARN] DetailPanel:346 - Failed to get advertising image, set to default
2025-10-21 20:53:16,572 [FATAL] Updater:351 - Updater called before beeing initialized
2025-10-21 20:53:16,648 [ERROR] Updater:1198 - MainUpdater not yet initialized. External WinMGr cannot be set.
2025-10-21 20:53:16,650 [INFO] Updater:1134 - Updater Version found : 6.15.0
2025-10-21 20:53:16,664 [INFO] ApplicationProperties:184 - Using Application install path: D:\CubeIDE\STM32CubeIDE_1.19.0\STM32CubeIDE\plugins\com.st.stm32cube.common.mx_6.15.0.202507011659
2025-10-21 20:53:17,923 [INFO] ThirdPartyUpdaterWithRetryManager:70 - Updater plugin not ready yet. [2/15]
2025-10-21 20:53:18,292 [ERROR] LogOutputStream:75 - [STDERR_REDIRECT] Oct 21, 2025 8:53:18 PM java.util.prefs.WindowsPreferences <init>
2025-10-21 20:53:18,292 [ERROR] LogOutputStream:75 - [STDERR_REDIRECT] WARNING: Could not open/create prefs root node Software\JavaSoft\Prefs at root 0xffffffff80000002. Windows RegCreateKeyEx(...) returned error code 5.
2025-10-21 20:53:18,292 [ERROR] LogOutputStream:75 - [STDERR_REDIRECT] 
2025-10-21 20:53:19,122 [INFO] MainUpdater:2872 - connection check result : 10
2025-10-21 20:53:19,123 [INFO] MainUpdater:289 - Updater Check For Update Now.
2025-10-21 20:53:19,125 [INFO] MicroXplorer:498 - Change Database Version : DB.6.0.150
2025-10-21 20:53:19,140 [INFO] McuFinderGlobals:63 - Set McuFinder mode to 2 (CubeIDE integrated)
2025-10-21 20:53:19,141 [INFO] UserAuth:487 - Internet connection configuration mode: 1
2025-10-21 20:53:19,193 [INFO] JxBrowserEngine:152 - Initiate JxBrowser Engine with user profile folder
2025-10-21 20:53:19,430 [INFO] CheckServerUpdateThread:120 - End of CheckServer Thread
2025-10-21 20:53:19,670 [ERROR] LogOutputStream:75 - [STDERR_REDIRECT] 
2025-10-21 20:58:14,414 [INFO] Activator:176 - 


2025-10-21 20:58:14,414 [INFO] Activator:177 - !SESSION log4j initialized
2025-10-21 20:58:17,207 [INFO] LogOutputStream:77 - [STDOUT_REDIRECT] 
