2025-11-20 10:51:00,038 [INFO] Activator:176 - 


2025-11-20 10:51:00,039 [INFO] Activator:177 - !SESSION log4j initialized
2025-11-20 10:51:02,461 [INFO] LogOutputStream:77 - [STDOUT_REDIRECT] 
2025-11-20 10:51:04,303 [INFO] ApplicationProperties:184 - Using Application install path: D:\CubeIDE\STM32CubeIDE_1.19.0\STM32CubeIDE\plugins\com.st.stm32cube.common.mx_6.15.0.202507011659
2025-11-20 10:51:04,327 [INFO] DbMcusXml:78 - Set database path to: D:\CubeIDE\STM32CubeIDE_1.19.0\STM32CubeIDE\plugins\com.st.stm32cube.common.mx_6.15.0.202507011659\\db\/mcu/
2025-11-20 10:51:04,327 [INFO] ApiDb:274 - Set plugin database path to: D:\CubeIDE\STM32CubeIDE_1.19.0\STM32CubeIDE\plugins\com.st.stm32cube.common.mx_6.15.0.202507011659\\db\/plugins/boardmanager/
2025-11-20 10:51:04,328 [WARN] ApiDb:259 - Overriding images path with different value:  => D:\CubeIDE\STM32CubeIDE_1.19.0\STM32CubeIDE\plugins\com.st.stm32cube.common.mx_6.15.0.202507011659\\db\/plugins/mcufinder/images/
2025-11-20 10:51:04,338 [INFO] ApiDb:250 - Set database path to: C:\Users\MR\.stmcufinder\plugins\mcufinder//mcu/
2025-11-20 10:51:04,340 [INFO] DbMcusAds:125 - Set database path to: C:\Users\MR\.stmcufinder\plugins\mcufinder//mcu/
2025-11-20 10:51:04,343 [INFO] CrossReferenceDbSqlite:203 - Set database path to: C:\Users\MR\.stmcufinder\plugins\mcufinder//mcu/cs/
2025-11-20 10:51:04,447 [INFO] RulesReader:64 - Compatibility file has been processed (317 Rules)
2025-11-20 10:51:04,547 [INFO] DbMcusXml:78 - Set database path to: D:\CubeIDE\STM32CubeIDE_1.19.0\STM32CubeIDE\plugins\com.st.stm32cube.common.mx_6.15.0.202507011659\\db\/mcu/
2025-11-20 10:51:04,547 [INFO] ApiDb:274 - Set plugin database path to: D:\CubeIDE\STM32CubeIDE_1.19.0\STM32CubeIDE\plugins\com.st.stm32cube.common.mx_6.15.0.202507011659\\db\/plugins/boardmanager/
2025-11-20 10:51:04,547 [INFO] ApiDb:261 - Set plugin images path to: D:\CubeIDE\STM32CubeIDE_1.19.0\STM32CubeIDE\plugins\com.st.stm32cube.common.mx_6.15.0.202507011659\\db\/plugins/mcufinder/images/
2025-11-20 10:51:04,547 [WARN] DbFile:41 - Overriding database path with different value: C:\Users\MR\.stmcufinder\plugins\mcufinder/ => C:\Users\MR\.stmcufinder\plugins\mcufinder
2025-11-20 10:51:04,548 [INFO] ApiDb:250 - Set database path to: C:\Users\MR\.stmcufinder\plugins\mcufinder//mcu/
2025-11-20 10:51:04,548 [WARN] DbFile:41 - Overriding database path with different value: C:\Users\MR\.stmcufinder\plugins\mcufinder/ => C:\Users\MR\.stmcufinder\plugins\mcufinder
2025-11-20 10:51:04,548 [INFO] DbMcusAds:125 - Set database path to: C:\Users\MR\.stmcufinder\plugins\mcufinder//mcu/
2025-11-20 10:51:04,548 [WARN] DbFile:41 - Overriding database path with different value: C:\Users\MR\.stmcufinder\plugins\mcufinder/ => C:\Users\MR\.stmcufinder\plugins\mcufinder
2025-11-20 10:51:04,548 [WARN] DbFile:41 - Overriding database path with different value: C:\Users\MR\.stmcufinder\plugins\mcufinder/ => C:\Users\MR\.stmcufinder\plugins\mcufinder
2025-11-20 10:51:04,548 [INFO] CrossReferenceDbSqlite:203 - Set database path to: C:\Users\MR\.stmcufinder\plugins\mcufinder//mcu/cs/
2025-11-20 10:51:04,646 [INFO] MainPanel:274 - HeapMemory: 268435456
2025-11-20 10:51:04,767 [INFO] DbMcusXml:78 - Set database path to: D:\CubeIDE\STM32CubeIDE_1.19.0\STM32CubeIDE\plugins\com.st.stm32cube.common.mx_6.15.0.202507011659\\db\/mcu/
2025-11-20 10:51:04,767 [INFO] ApiDb:274 - Set plugin database path to: D:\CubeIDE\STM32CubeIDE_1.19.0\STM32CubeIDE\plugins\com.st.stm32cube.common.mx_6.15.0.202507011659\\db\/plugins/boardmanager/
2025-11-20 10:51:04,767 [INFO] ApiDb:261 - Set plugin images path to: D:\CubeIDE\STM32CubeIDE_1.19.0\STM32CubeIDE\plugins\com.st.stm32cube.common.mx_6.15.0.202507011659\\db\/plugins/mcufinder/images/
2025-11-20 10:51:04,768 [WARN] DbFile:41 - Overriding database path with different value: C:\Users\MR\.stmcufinder\plugins\mcufinder/ => C:\Users\MR\.stmcufinder\plugins\mcufinder
2025-11-20 10:51:04,768 [INFO] ApiDb:250 - Set database path to: C:\Users\MR\.stmcufinder\plugins\mcufinder//mcu/
2025-11-20 10:51:04,768 [WARN] DbFile:41 - Overriding database path with different value: C:\Users\MR\.stmcufinder\plugins\mcufinder/ => C:\Users\MR\.stmcufinder\plugins\mcufinder
2025-11-20 10:51:04,768 [INFO] DbMcusAds:125 - Set database path to: C:\Users\MR\.stmcufinder\plugins\mcufinder//mcu/
2025-11-20 10:51:04,768 [WARN] DbFile:41 - Overriding database path with different value: C:\Users\MR\.stmcufinder\plugins\mcufinder/ => C:\Users\MR\.stmcufinder\plugins\mcufinder
2025-11-20 10:51:04,768 [WARN] DbFile:41 - Overriding database path with different value: C:\Users\MR\.stmcufinder\plugins\mcufinder/ => C:\Users\MR\.stmcufinder\plugins\mcufinder
2025-11-20 10:51:04,768 [INFO] CrossReferenceDbSqlite:203 - Set database path to: C:\Users\MR\.stmcufinder\plugins\mcufinder//mcu/cs/
2025-11-20 10:51:04,790 [INFO] ApplicationProperties:184 - Using Application install path: D:\CubeIDE\STM32CubeIDE_1.19.0\STM32CubeIDE\plugins\com.st.stm32cube.common.mx_6.15.0.202507011659
2025-11-20 10:51:04,792 [INFO] PluginManage:196 - Search for loadable plugins [exclusion list=, ]
2025-11-20 10:51:04,793 [INFO] PluginManage:310 - Check plugin analytics
2025-11-20 10:51:04,961 [INFO] AnalyticsPlugin:253 - Accepted Software Licenses: STM32CubeMX.6.15.0
2025-11-20 10:51:04,962 [INFO] AnalyticsPlugin:255 - Accepted CMSIS Pack Licenses: 
2025-11-20 10:51:04,962 [INFO] AnalyticsPlugin:257 - Accepted Firmware Licenses: FW.F4.1.28.0
2025-11-20 10:51:04,967 [INFO] PluginManage:359 - Loaded plugin analytics (category:tool,tabindex:-1)
2025-11-20 10:51:04,967 [INFO] PluginManage:310 - Check plugin cadmodel
2025-11-20 10:51:04,974 [INFO] CADModel:105 - Init CAD model plugin
2025-11-20 10:51:04,974 [INFO] PluginManage:359 - Loaded plugin cadmodel (category:power,tabindex:5)
2025-11-20 10:51:04,974 [INFO] PluginManage:310 - Check plugin clock
2025-11-20 10:51:04,987 [INFO] PluginManage:359 - Loaded plugin clock (category:base,tabindex:2)
2025-11-20 10:51:04,987 [INFO] PluginManage:310 - Check plugin ddr
2025-11-20 10:51:04,989 [INFO] PluginManage:359 - Loaded plugin ddr (category:tool,tabindex:6)
2025-11-20 10:51:04,989 [INFO] PluginManage:310 - Check plugin filemanager
2025-11-20 10:51:05,164 [INFO] PluginManage:359 - Loaded plugin filemanager (category:base,tabindex:10)
2025-11-20 10:51:05,165 [INFO] PluginManage:310 - Check plugin ipmanager
2025-11-20 10:51:05,172 [INFO] PluginManage:359 - Loaded plugin ipmanager (category:base,tabindex:5)
2025-11-20 10:51:05,172 [INFO] PluginManage:310 - Check plugin lpbam
2025-11-20 10:51:05,180 [INFO] PluginManage:359 - Loaded plugin lpbam (category:base,tabindex:0)
2025-11-20 10:51:05,180 [INFO] PluginManage:310 - Check plugin memorymap
2025-11-20 10:51:05,195 [INFO] PluginManage:359 - Loaded plugin memorymap (category:base,tabindex:4)
2025-11-20 10:51:05,196 [INFO] PluginManage:310 - Check plugin pinoutandconfiguration
2025-11-20 10:51:05,207 [INFO] PluginManage:359 - Loaded plugin pinoutandconfiguration (category:base,tabindex:1)
2025-11-20 10:51:05,208 [INFO] PluginManage:310 - Check plugin pinoutconfig
2025-11-20 10:51:05,280 [WARN] SupportedApi:132 - Cannot load RTOS API schema: s4s-elt-must-match.1: The content of 'definitions' must match (annotation?, (simpleType | complexType)?, (unique | key | keyref)*)). A problem was found starting at: attribute.
2025-11-20 10:51:05,397 [INFO] PluginManage:359 - Loaded plugin pinoutconfig (category:base,tabindex:0)
2025-11-20 10:51:05,397 [INFO] PluginManage:310 - Check plugin power
2025-11-20 10:51:05,407 [INFO] PluginManage:359 - Loaded plugin power (category:power,tabindex:4)
2025-11-20 10:51:05,407 [INFO] PluginManage:310 - Check plugin projectmanager
2025-11-20 10:51:05,423 [INFO] PluginManage:359 - Loaded plugin projectmanager (category:projectmanager,tabindex:4)
2025-11-20 10:51:05,423 [INFO] PluginManage:310 - Check plugin rif
2025-11-20 10:51:05,431 [INFO] PluginManage:359 - Loaded plugin rif (category:base,tabindex:3)
2025-11-20 10:51:05,431 [INFO] PluginManage:310 - Check plugin thirdparty
2025-11-20 10:51:05,583 [INFO] PluginManage:359 - Loaded plugin thirdparty (category:base,tabindex:-1)
2025-11-20 10:51:05,583 [INFO] PluginManage:310 - Check plugin tools
2025-11-20 10:51:05,583 [WARN] IntegrityCheckThread:84 - waiting for thirdparty lock release [integrity check]
2025-11-20 10:51:05,584 [INFO] IntegrityCheckThread:86 - entering critical section [integrity check]
2025-11-20 10:51:05,584 [INFO] ThirdPartyUpdaterWithRetryManager:70 - Updater plugin not ready yet. [1/15]
2025-11-20 10:51:05,587 [INFO] PluginManage:359 - Loaded plugin tools (category:base,tabindex:7)
2025-11-20 10:51:05,587 [INFO] PluginManage:310 - Check plugin tutovideos
2025-11-20 10:51:05,775 [INFO] PluginManage:359 - Loaded plugin tutovideos (category:base,tabindex:-1)
2025-11-20 10:51:05,776 [INFO] PluginManage:310 - Check plugin updater
2025-11-20 10:51:05,799 [INFO] PluginManage:359 - Loaded plugin updater (category:base,tabindex:12)
2025-11-20 10:51:05,800 [INFO] PluginManage:310 - Check plugin userauth
2025-11-20 10:51:05,803 [INFO] UserAuth:118 - Init User Auth plugin
2025-11-20 10:51:05,803 [INFO] PluginManage:359 - Loaded plugin userauth (category:base,tabindex:14)
2025-11-20 10:51:05,804 [INFO] PluginManage:283 - PluginManage : Loaded plugins [18]
2025-11-20 10:51:06,026 [INFO] PinOutPanel:1589 - setPackage(No Configuration,No Configuration)
2025-11-20 10:51:06,118 [INFO] CADModel:165 - CPN selected for project level
2025-11-20 10:51:06,119 [INFO] CADModel:114 - Register for checkConnection events
2025-11-20 10:51:06,140 [INFO] IPUIPlugin:80 - create IPUIPlugin
2025-11-20 10:51:06,140 [INFO] PluginManager:220 - loadIPPluginJar : add adc
2025-11-20 10:51:06,144 [INFO] IPUIPlugin:80 - create IPUIPlugin
2025-11-20 10:51:06,144 [INFO] PluginManager:220 - loadIPPluginJar : add aes
2025-11-20 10:51:06,148 [INFO] IPUIPlugin:80 - create IPUIPlugin
2025-11-20 10:51:06,148 [INFO] PluginManager:220 - loadIPPluginJar : add can
2025-11-20 10:51:06,150 [INFO] IPUIPlugin:80 - create IPUIPlugin
2025-11-20 10:51:06,150 [INFO] PluginManager:220 - loadIPPluginJar : add comp
2025-11-20 10:51:06,153 [INFO] IPUIPlugin:80 - create IPUIPlugin
2025-11-20 10:51:06,153 [INFO] PluginManager:220 - loadIPPluginJar : add cryp
2025-11-20 10:51:06,157 [INFO] IPUIPlugin:80 - create IPUIPlugin
2025-11-20 10:51:06,157 [INFO] PluginManager:220 - loadIPPluginJar : add ddr_ctrl_phy
2025-11-20 10:51:06,161 [INFO] IPUIPlugin:80 - create IPUIPlugin
2025-11-20 10:51:06,161 [INFO] PluginManager:220 - loadIPPluginJar : add dfsdm
2025-11-20 10:51:06,166 [INFO] IPUIPlugin:80 - create IPUIPlugin
2025-11-20 10:51:06,166 [INFO] PluginManager:220 - loadIPPluginJar : add dma
2025-11-20 10:51:06,169 [INFO] IPUIPlugin:80 - create IPUIPlugin
2025-11-20 10:51:06,169 [INFO] PluginManager:220 - loadIPPluginJar : add dma3
2025-11-20 10:51:06,173 [INFO] IPUIPlugin:80 - create IPUIPlugin
2025-11-20 10:51:06,173 [INFO] PluginManager:220 - loadIPPluginJar : add extmemmanager
2025-11-20 10:51:06,175 [INFO] IPUIPlugin:80 - create IPUIPlugin
2025-11-20 10:51:06,175 [INFO] PluginManager:220 - loadIPPluginJar : add fatfs
2025-11-20 10:51:06,180 [INFO] IPUIPlugin:80 - create IPUIPlugin
2025-11-20 10:51:06,180 [INFO] PluginManager:220 - loadIPPluginJar : add fmc
2025-11-20 10:51:06,186 [INFO] IPUIPlugin:80 - create IPUIPlugin
2025-11-20 10:51:06,186 [INFO] PluginManager:220 - loadIPPluginJar : add freertos
2025-11-20 10:51:06,188 [INFO] IPUIPlugin:80 - create IPUIPlugin
2025-11-20 10:51:06,188 [INFO] PluginManager:220 - loadIPPluginJar : add genericplugin
2025-11-20 10:51:06,191 [INFO] IPUIPlugin:80 - create IPUIPlugin
2025-11-20 10:51:06,191 [INFO] PluginManager:220 - loadIPPluginJar : add gfxmmu
2025-11-20 10:51:06,195 [INFO] IPUIPlugin:80 - create IPUIPlugin
2025-11-20 10:51:06,195 [INFO] PluginManager:220 - loadIPPluginJar : add gic
2025-11-20 10:51:06,198 [INFO] IPUIPlugin:80 - create IPUIPlugin
2025-11-20 10:51:06,198 [INFO] PluginManager:220 - loadIPPluginJar : add gpio
2025-11-20 10:51:06,202 [INFO] IPUIPlugin:80 - create IPUIPlugin
2025-11-20 10:51:06,202 [INFO] PluginManager:220 - loadIPPluginJar : add gtzc
2025-11-20 10:51:06,204 [INFO] IPUIPlugin:80 - create IPUIPlugin
2025-11-20 10:51:06,204 [INFO] PluginManager:220 - loadIPPluginJar : add hash
2025-11-20 10:51:06,206 [INFO] IPUIPlugin:80 - create IPUIPlugin
2025-11-20 10:51:06,206 [INFO] PluginManager:220 - loadIPPluginJar : add i2c
2025-11-20 10:51:06,211 [INFO] IPUIPlugin:80 - create IPUIPlugin
2025-11-20 10:51:06,211 [INFO] PluginManager:220 - loadIPPluginJar : add i2s
2025-11-20 10:51:06,213 [INFO] IPUIPlugin:80 - create IPUIPlugin
2025-11-20 10:51:06,213 [INFO] PluginManager:220 - loadIPPluginJar : add i3c
2025-11-20 10:51:06,216 [INFO] IPUIPlugin:80 - create IPUIPlugin
2025-11-20 10:51:06,216 [INFO] PluginManager:220 - loadIPPluginJar : add ipddr
2025-11-20 10:51:06,222 [INFO] IPUIPlugin:80 - create IPUIPlugin
2025-11-20 10:51:06,222 [INFO] PluginManager:220 - loadIPPluginJar : add linkedlist
2025-11-20 10:51:06,226 [INFO] IPUIPlugin:80 - create IPUIPlugin
2025-11-20 10:51:06,226 [INFO] PluginManager:220 - loadIPPluginJar : add lorawan
2025-11-20 10:51:06,228 [INFO] IPUIPlugin:80 - create IPUIPlugin
2025-11-20 10:51:06,228 [INFO] PluginManager:220 - loadIPPluginJar : add ltdc
2025-11-20 10:51:06,232 [INFO] IPUIPlugin:80 - create IPUIPlugin
2025-11-20 10:51:06,232 [INFO] PluginManager:220 - loadIPPluginJar : add mdma
2025-11-20 10:51:06,236 [INFO] IPUIPlugin:80 - create IPUIPlugin
2025-11-20 10:51:06,236 [INFO] PluginManager:220 - loadIPPluginJar : add nvic
2025-11-20 10:51:06,240 [INFO] IPUIPlugin:80 - create IPUIPlugin
2025-11-20 10:51:06,240 [INFO] PluginManager:220 - loadIPPluginJar : add opamp
2025-11-20 10:51:06,244 [INFO] IPUIPlugin:80 - create IPUIPlugin
2025-11-20 10:51:06,244 [INFO] PluginManager:220 - loadIPPluginJar : add openamp
2025-11-20 10:51:06,246 [INFO] IPUIPlugin:80 - create IPUIPlugin
2025-11-20 10:51:06,246 [INFO] PluginManager:220 - loadIPPluginJar : add pdm2pcm
2025-11-20 10:51:06,253 [INFO] IPUIPlugin:80 - create IPUIPlugin
2025-11-20 10:51:06,256 [INFO] PluginManager:220 - loadIPPluginJar : add plateformsettings
2025-11-20 10:51:06,259 [INFO] IPUIPlugin:80 - create IPUIPlugin
2025-11-20 10:51:06,259 [INFO] PluginManager:220 - loadIPPluginJar : add quadspi
2025-11-20 10:51:06,261 [INFO] IPUIPlugin:80 - create IPUIPlugin
2025-11-20 10:51:06,261 [INFO] PluginManager:220 - loadIPPluginJar : add radio
2025-11-20 10:51:06,266 [INFO] IPUIPlugin:80 - create IPUIPlugin
2025-11-20 10:51:06,266 [INFO] PluginManager:220 - loadIPPluginJar : add resmgrutility
2025-11-20 10:51:06,269 [INFO] IPUIPlugin:80 - create IPUIPlugin
2025-11-20 10:51:06,269 [INFO] PluginManager:220 - loadIPPluginJar : add sai
2025-11-20 10:51:06,270 [INFO] IPUIPlugin:80 - create IPUIPlugin
2025-11-20 10:51:06,270 [INFO] PluginManager:220 - loadIPPluginJar : add spi
2025-11-20 10:51:06,276 [INFO] IPUIPlugin:80 - create IPUIPlugin
2025-11-20 10:51:06,276 [INFO] PluginManager:220 - loadIPPluginJar : add stm32_wpan
2025-11-20 10:51:06,279 [INFO] IPUIPlugin:80 - create IPUIPlugin
2025-11-20 10:51:06,279 [INFO] PluginManager:220 - loadIPPluginJar : add tim
2025-11-20 10:51:06,282 [INFO] IPUIPlugin:80 - create IPUIPlugin
2025-11-20 10:51:06,282 [INFO] PluginManager:220 - loadIPPluginJar : add touchsensing
2025-11-20 10:51:06,285 [INFO] IPUIPlugin:80 - create IPUIPlugin
2025-11-20 10:51:06,285 [INFO] PluginManager:220 - loadIPPluginJar : add tracer_emb
2025-11-20 10:51:06,287 [INFO] IPUIPlugin:80 - create IPUIPlugin
2025-11-20 10:51:06,287 [INFO] PluginManager:220 - loadIPPluginJar : add ts
2025-11-20 10:51:06,288 [INFO] IPUIPlugin:80 - create IPUIPlugin
2025-11-20 10:51:06,288 [INFO] PluginManager:220 - loadIPPluginJar : add tsc
2025-11-20 10:51:06,291 [INFO] IPUIPlugin:80 - create IPUIPlugin
2025-11-20 10:51:06,291 [INFO] PluginManager:220 - loadIPPluginJar : add ucpd
2025-11-20 10:51:06,294 [INFO] IPUIPlugin:80 - create IPUIPlugin
2025-11-20 10:51:06,294 [INFO] PluginManager:220 - loadIPPluginJar : add usart
2025-11-20 10:51:06,297 [INFO] IPUIPlugin:80 - create IPUIPlugin
2025-11-20 10:51:06,297 [INFO] PluginManager:220 - loadIPPluginJar : add usbx
2025-11-20 10:51:06,423 [FATAL] Updater:351 - Updater called before beeing initialized
2025-11-20 10:51:06,462 [INFO] RulesReader:64 - Compatibility file has been processed (317 Rules)
2025-11-20 10:51:06,474 [INFO] RulesReader:64 - Compatibility file has been processed (317 Rules)
2025-11-20 10:51:06,481 [INFO] CADModel:165 - CPN selected for project level
2025-11-20 10:51:06,481 [INFO] CADModel:114 - Register for checkConnection events
2025-11-20 10:51:06,481 [FATAL] Updater:351 - Updater called before beeing initialized
2025-11-20 10:51:06,481 [ERROR] CADModel:125 - Updater not yet initialized, retry later 
2025-11-20 10:51:06,633 [FATAL] Updater:351 - Updater called before beeing initialized
2025-11-20 10:51:06,634 [INFO] CADModel:165 - CPN selected for project level
2025-11-20 10:51:06,634 [INFO] CADModel:114 - Register for checkConnection events
2025-11-20 10:51:06,635 [FATAL] Updater:351 - Updater called before beeing initialized
2025-11-20 10:51:06,635 [ERROR] CADModel:125 - Updater not yet initialized, retry later 
2025-11-20 10:51:06,637 [FATAL] Updater:351 - Updater called before beeing initialized
2025-11-20 10:51:06,749 [FATAL] Updater:351 - Updater called before beeing initialized
2025-11-20 10:51:06,752 [INFO] DbMcusAds:53 - JSON generation date=Mon Nov 10 18:43:01 CST 2025 (1762771381061)
2025-11-20 10:51:06,752 [FATAL] Updater:351 - Updater called before beeing initialized
2025-11-20 10:51:06,791 [WARN] DetailPanel:346 - Failed to get advertising image, set to default
2025-11-20 10:51:06,877 [FATAL] Updater:351 - Updater called before beeing initialized
2025-11-20 10:51:06,879 [FATAL] Updater:351 - Updater called before beeing initialized
2025-11-20 10:51:06,879 [FATAL] Updater:351 - Updater called before beeing initialized
2025-11-20 10:51:06,879 [WARN] DetailPanel:346 - Failed to get advertising image, set to default
2025-11-20 10:51:06,879 [FATAL] Updater:351 - Updater called before beeing initialized
2025-11-20 10:51:06,924 [ERROR] Updater:1198 - MainUpdater not yet initialized. External WinMGr cannot be set.
2025-11-20 10:51:06,927 [INFO] Updater:1134 - Updater Version found : 6.15.0
2025-11-20 10:51:06,944 [INFO] ApplicationProperties:184 - Using Application install path: D:\CubeIDE\STM32CubeIDE_1.19.0\STM32CubeIDE\plugins\com.st.stm32cube.common.mx_6.15.0.202507011659
2025-11-20 10:51:08,519 [ERROR] LogOutputStream:75 - [STDERR_REDIRECT] Nov 20, 2025 10:51:08 AM java.util.prefs.WindowsPreferences <init>
2025-11-20 10:51:08,520 [ERROR] LogOutputStream:75 - [STDERR_REDIRECT] WARNING: Could not open/create prefs root node Software\JavaSoft\Prefs at root 0xffffffff80000002. Windows RegCreateKeyEx(...) returned error code 5.
2025-11-20 10:51:08,520 [ERROR] LogOutputStream:75 - [STDERR_REDIRECT] 
2025-11-20 10:51:08,585 [INFO] ThirdPartyUpdaterWithRetryManager:70 - Updater plugin not ready yet. [2/15]
2025-11-20 10:51:09,310 [INFO] MainUpdater:2872 - connection check result : 10
2025-11-20 10:51:09,311 [INFO] MainUpdater:289 - Updater Check For Update Now.
2025-11-20 10:51:09,311 [INFO] MicroXplorer:498 - Change Database Version : DB.6.0.150
2025-11-20 10:51:09,318 [INFO] McuFinderGlobals:63 - Set McuFinder mode to 2 (CubeIDE integrated)
2025-11-20 10:51:09,318 [INFO] UserAuth:487 - Internet connection configuration mode: 1
2025-11-20 10:51:09,341 [INFO] JxBrowserEngine:152 - Initiate JxBrowser Engine with user profile folder
2025-11-20 10:51:09,483 [INFO] CheckServerUpdateThread:120 - End of CheckServer Thread
2025-11-20 10:51:10,544 [INFO] WebApp:169 - Instantiating new browser for Auth
2025-11-20 10:51:11,227 [INFO] WebApp:463 - Apply proxy settings
2025-11-20 10:51:11,227 [INFO] WebApp:548 - Chromium requires no authentication
2025-11-20 10:51:11,240 [INFO] WebApp:491 - Direct internet connection detected
2025-11-20 10:51:11,264 [INFO] WebApp:900 - Register for checkConnection events
2025-11-20 10:51:11,264 [INFO] WebApp:463 - Apply proxy settings
2025-11-20 10:51:11,264 [INFO] WebApp:548 - Chromium requires no authentication
2025-11-20 10:51:11,264 [INFO] WebApp:491 - Direct internet connection detected
2025-11-20 10:51:11,429 [INFO] WebApp:225 - Starting web application
2025-11-20 10:51:11,429 [INFO] WebApp:593 - Web application path used D:\CubeIDE\STM32CubeIDE_1.19.0\STM32CubeIDE\plugins\com.st.stm32cube.common.mx_6.15.0.202507011659\db\plugins\mcufinder\reactClient1\index.html
2025-11-20 10:51:11,501 [INFO] UserAuth:487 - Internet connection configuration mode: 1
2025-11-20 10:51:11,818 [WARN] PackLoader:240 - Cannot read IP mode file for STMicroelectronics.FP-SNS-MOTENVWB1.1.4.0
2025-11-20 10:51:11,827 [WARN] PackLoader:240 - Cannot read IP mode file for STMicroelectronics.FP-ATR-ASTRA1.2.0.2
2025-11-20 10:51:11,835 [WARN] PackLoader:240 - Cannot read IP mode file for STMicroelectronics.X-CUBE-SMBUS.2.1.0
2025-11-20 10:51:11,840 [WARN] PackLoader:240 - Cannot read IP mode file for STMicroelectronics.X-CUBE-ST60.1.0.0
2025-11-20 10:51:11,869 [WARN] PackLoader:240 - Cannot read IP mode file for STMicroelectronics.X-CUBE-AZRTOS-F7.1.1.0
2025-11-20 10:51:11,878 [WARN] PackLoader:240 - Cannot read IP mode file for Cesanta.I-CUBE-Mongoose.7.19.0
2025-11-20 10:51:11,884 [WARN] PackLoader:240 - Cannot read IP mode file for STMicroelectronics.FP-SNS-MOTENV1.5.1.0
2025-11-20 10:51:11,907 [WARN] PackLoader:240 - Cannot read IP mode file for Infineon.AIROC-Wi-Fi-Bluetooth-STM32.1.7.1
2025-11-20 10:51:11,933 [WARN] PackLoader:240 - Cannot read IP mode file for STMicroelectronics.X-CUBE-AZRTOS-H7.3.4.0
2025-11-20 10:51:11,944 [WARN] PackLoader:240 - Cannot read IP mode file for STMicroelectronics.X-CUBE-DISPLAY.3.0.0
2025-11-20 10:51:11,959 [WARN] PackLoader:240 - Cannot read IP mode file for STMicroelectronics.X-CUBE-NFC10.1.0.0
2025-11-20 10:51:11,965 [WARN] PackLoader:240 - Cannot read IP mode file for STMicroelectronics.X-CUBE-ST60.1.1.0
2025-11-20 10:51:11,973 [WARN] PackLoader:240 - Cannot read IP mode file for emotas.I-CUBE-CANOPEN.1.3.0
2025-11-20 10:51:11,981 [WARN] PackLoader:240 - Cannot read IP mode file for STMicroelectronics.X-CUBE-GNSS1.7.1.0
2025-11-20 10:51:11,991 [WARN] PackLoader:240 - Cannot read IP mode file for STMicroelectronics.FP-SNS-STBOX1.2.1.0
2025-11-20 10:51:11,997 [WARN] PackLoader:240 - Cannot read IP mode file for STMicroelectronics.FP-SNS-SMARTAG2.1.2.0
2025-11-20 10:51:12,004 [WARN] PackLoader:240 - Cannot read IP mode file for STMicroelectronics.FP-SNS-FLIGHT1.5.1.0
2025-11-20 10:51:12,011 [INFO] LogOutputStream:77 - [STDOUT_REDIRECT] 1 : Invalid condition id : UX_CORESTACK_Condition cause : null
2025-11-20 10:51:12,011 [INFO] LogOutputStream:77 - [STDOUT_REDIRECT] 1 : Invalid condition id : UX_CORESTACK_Condition cause : null
2025-11-20 10:51:12,013 [INFO] LogOutputStream:77 - [STDOUT_REDIRECT] 1 : Invalid condition id : UX_CORESTACK_Condition cause : null
2025-11-20 10:51:12,014 [INFO] LogOutputStream:77 - [STDOUT_REDIRECT] 1 : Invalid condition id : UX_CORESTACK_Condition cause : null
2025-11-20 10:51:12,015 [INFO] LogOutputStream:77 - [STDOUT_REDIRECT] 1 : Invalid condition id : UX_CORESTACK_Condition cause : null
2025-11-20 10:51:12,017 [WARN] PackLoader:240 - Cannot read IP mode file for STMicroelectronics.X-CUBE-AZRTOS-WL.2.0.0
2025-11-20 10:51:12,021 [WARN] PackLoader:240 - Cannot read IP mode file for STMicroelectronics.FP-SNS-MOTENV1.5.0.0
2025-11-20 10:51:12,027 [WARN] PackLoader:240 - Cannot read IP mode file for STMicroelectronics.X-CUBE-BLE2.3.3.0
2025-11-20 10:51:12,053 [WARN] PackLoader:240 - Cannot read IP mode file for STMicroelectronics.X-CUBE-NFC9.1.0.0
2025-11-20 10:51:12,059 [WARN] PackLoader:240 - Cannot read IP mode file for wolfSSL.I-CUBE-wolfSSL.5.8.2
2025-11-20 10:51:12,071 [WARN] PackLoader:240 - Cannot read IP mode file for STMicroelectronics.X-CUBE-BLE1.7.1.0
2025-11-20 10:51:12,076 [WARN] PackLoader:240 - Cannot read IP mode file for wolfSSL.I-CUBE-wolfMQTT.1.19.2
2025-11-20 10:51:12,083 [WARN] PackLoader:240 - Cannot read IP mode file for STMicroelectronics.X-CUBE-EEPRMA1.5.2.0
2025-11-20 10:51:12,092 [WARN] PackLoader:240 - Cannot read IP mode file for STMicroelectronics.X-CUBE-ST67W61.1.1.0
2025-11-20 10:51:12,103 [WARN] PackLoader:240 - Cannot read IP mode file for STMicroelectronics.X-CUBE-AZRTOS-G0.1.1.0
2025-11-20 10:51:12,111 [WARN] PackLoader:240 - Cannot read IP mode file for STMicroelectronics.X-CUBE-SAFEA1.1.2.2
2025-11-20 10:51:12,119 [WARN] PackLoader:240 - Cannot read IP mode file for STMicroelectronics.X-CUBE-NFC4.3.0.0
2025-11-20 10:51:12,127 [WARN] PackLoader:240 - Cannot read IP mode file for EmbeddedOffice.I-CUBE-FS-RTOS.1.0.1
2025-11-20 10:51:12,134 [WARN] PackLoader:240 - Cannot read IP mode file for STMicroelectronics.X-CUBE-WB05N.2.0.0
2025-11-20 10:51:12,139 [WARN] PackLoader:240 - Cannot read IP mode file for wolfSSL.I-CUBE-wolfTPM.3.8.0
2025-11-20 10:51:12,144 [WARN] PackLoader:240 - Cannot read IP mode file for STMicroelectronics.X-CUBE-TCPP.4.2.0
2025-11-20 10:51:12,153 [WARN] PackLoader:240 - Cannot read IP mode file for RealThread.X-CUBE-RT-Thread_Nano.4.1.1
2025-11-20 10:51:12,157 [WARN] PackLoader:240 - Cannot read IP mode file for STMicroelectronics.FP-ATR-SIGFOX1.3.2.0
2025-11-20 10:51:12,162 [WARN] PackLoader:240 - Cannot read IP mode file for ITTIA_DB.I-CUBE-ITTIADB.8.9.0
2025-11-20 10:51:12,168 [WARN] PackLoader:240 - Cannot read IP mode file for STMicroelectronics.X-CUBE-ST67W61.1.0.0
2025-11-20 10:51:12,173 [WARN] PackLoader:240 - Cannot read IP mode file for STMicroelectronics.X-CUBE-AI.10.2.0
2025-11-20 10:51:12,194 [WARN] PackLoader:240 - Cannot read IP mode file for SEGGER.I-CUBE-embOS.1.3.1
2025-11-20 10:51:12,223 [WARN] PackLoader:240 - Cannot read IP mode file for STMicroelectronics.X-CUBE-ALGOBUILD.1.4.0
2025-11-20 10:51:12,255 [WARN] PackLoader:240 - Cannot read IP mode file for STMicroelectronics.X-CUBE-MEMS1.11.3.0
2025-11-20 10:51:12,368 [WARN] PackLoader:240 - Cannot read IP mode file for STMicroelectronics.X-CUBE-PM33A1.1.0.0
2025-11-20 10:51:12,380 [WARN] PackLoader:240 - Cannot read IP mode file for STMicroelectronics.X-CUBE-AZRTOS-F4.1.1.0
2025-11-20 10:51:12,387 [WARN] PackLoader:240 - Cannot read IP mode file for STMicroelectronics.X-CUBE-ISPU.2.1.0
2025-11-20 10:51:12,396 [WARN] PackLoader:240 - Cannot read IP mode file for STMicroelectronics.X-CUBE-IPS.3.2.0
2025-11-20 10:51:12,405 [WARN] PackLoader:240 - Cannot read IP mode file for STMicroelectronics.X-CUBE-NFC12.1.0.0
2025-11-20 10:51:12,418 [WARN] PackLoader:240 - Cannot read IP mode file for STMicroelectronics.X-CUBE-AZRTOS-L5.2.0.0
2025-11-20 10:51:12,426 [WARN] PackLoader:240 - Cannot read IP mode file for STMicroelectronics.X-CUBE-NFC6.3.1.0
2025-11-20 10:51:12,432 [WARN] PackLoader:240 - Cannot read IP mode file for STMicroelectronics.X-CUBE-FREERTOS.1.3.1
2025-11-20 10:51:12,437 [WARN] PackLoader:240 - Cannot read IP mode file for STMicroelectronics.X-CUBE-TOUCHGFX.4.26.0
2025-11-20 10:51:12,442 [WARN] PackLoader:240 - Cannot read IP mode file for STMicroelectronics.FP-SNS-STAIOTCFT.1.0.0
2025-11-20 10:51:12,447 [WARN] PackLoader:240 - Cannot read IP mode file for STMicroelectronics.X-CUBE-DPower.1.3.0
2025-11-20 10:51:12,460 [WARN] ConditionMgr:438 - getConditionDescription Invalid condition id : LAN8742 Phy interface Condition cause : null
2025-11-20 10:51:12,460 [WARN] PackLoader:240 - Cannot read IP mode file for STMicroelectronics.X-CUBE-AZRTOS-L4.2.0.0
2025-11-20 10:51:12,461 [WARN] ConditionMgr:1044 - genDependencies : Invalid condition id : LAN8742 Phy interface Condition cause : null
2025-11-20 10:51:12,461 [WARN] ConditionMgr:1044 - genDependencies : Invalid condition id : LAN8742 Phy interface Condition cause : null
2025-11-20 10:51:12,461 [WARN] ConditionMgr:1044 - genDependencies : Invalid condition id : LAN8742 Phy interface Condition cause : null
2025-11-20 10:51:12,469 [WARN] PackLoader:240 - Cannot read IP mode file for STMicroelectronics.X-CUBE-SFXS2LP1.4.0.0
2025-11-20 10:51:12,480 [WARN] PackLoader:240 - Cannot read IP mode file for STMicroelectronics.X-CUBE-BLEMGR.4.1.0
2025-11-20 10:51:12,491 [WARN] ConditionMgr:438 - getConditionDescription Invalid condition id : UX DEVICE CLASS RTOS Condition cause : null
2025-11-20 10:51:12,491 [WARN] ConditionMgr:438 - getConditionDescription Invalid condition id : UX DEVICE CLASS RTOS Condition cause : null
2025-11-20 10:51:12,493 [WARN] PackLoader:240 - Cannot read IP mode file for STMicroelectronics.X-CUBE-AZRTOS-WB.2.0.0
2025-11-20 10:51:12,493 [WARN] ConditionMgr:1044 - genDependencies : Invalid condition id : UX DEVICE CLASS RTOS Condition cause : null
2025-11-20 10:51:12,493 [WARN] ConditionMgr:1044 - genDependencies : Invalid condition id : UX DEVICE CLASS RTOS Condition cause : null
2025-11-20 10:51:12,493 [WARN] ConditionMgr:1044 - genDependencies : Invalid condition id : UX DEVICE CLASS RTOS Condition cause : null
2025-11-20 10:51:12,493 [WARN] ConditionMgr:1044 - genDependencies : Invalid condition id : UX DEVICE CLASS RTOS Condition cause : null
2025-11-20 10:51:12,493 [WARN] ConditionMgr:1044 - genDependencies : Invalid condition id : UX DEVICE CLASS RTOS Condition cause : null
2025-11-20 10:51:12,497 [WARN] PackLoader:240 - Cannot read IP mode file for STMicroelectronics.X-CUBE-GNSS1.7.0.1
2025-11-20 10:51:12,503 [WARN] ConditionMgr:438 - getConditionDescription Invalid condition id : Cortex-A Device cause : null
2025-11-20 10:51:12,518 [WARN] ConditionMgr:1044 - genDependencies : Invalid condition id : Cortex-A Device cause : null
2025-11-20 10:51:12,518 [WARN] ConditionMgr:1044 - genDependencies : Invalid condition id : Cortex-A Device cause : null
2025-11-20 10:51:12,518 [WARN] ConditionMgr:1044 - genDependencies : Invalid condition id : Cortex-A Device cause : null
2025-11-20 10:51:12,525 [WARN] PackLoader:240 - Cannot read IP mode file for STMicroelectronics.X-CUBE-SUBG2.5.0.0
2025-11-20 10:51:12,540 [WARN] PackLoader:240 - Cannot read IP mode file for STMicroelectronics.X-CUBE-AZRTOS-H7RS.1.1.0
2025-11-20 10:51:12,552 [WARN] PackLoader:240 - Cannot read IP mode file for STMicroelectronics.X-CUBE-AZRTOS-G4.2.0.0
2025-11-20 10:51:12,559 [WARN] PackLoader:240 - Cannot read IP mode file for wolfSSL.I-CUBE-wolfSSH.1.4.20
2025-11-20 10:51:12,563 [WARN] PackLoader:240 - Cannot read IP mode file for STMicroelectronics.X-CUBE-NFC7.2.0.0
2025-11-20 10:51:12,571 [WARN] PackLoader:240 - Cannot read IP mode file for STMicroelectronics.X-CUBE-IPS.3.1.0
2025-11-20 10:51:12,577 [WARN] PackLoader:240 - Cannot read IP mode file for STMicroelectronics.X-CUBE-ALS.1.0.2
2025-11-20 10:51:12,584 [WARN] PackLoader:240 - Cannot read IP mode file for STMicroelectronics.X-CUBE-STSE01.1.0.0
2025-11-20 10:51:12,593 [WARN] PackLoader:240 - Cannot read IP mode file for STMicroelectronics.X-CUBE-TOF1.3.4.3
2025-11-20 10:51:12,599 [INFO] ThirdParty:978 - Integrity check success = true
2025-11-20 10:51:12,599 [INFO] IntegrityCheckThread:100 - exiting critical section [integrity check]
2025-11-20 10:51:12,599 [INFO] IntegrityCheckThread:103 - End integrity checks thread
2025-11-20 10:59:45,401 [ERROR] LogOutputStream:75 - [STDERR_REDIRECT] 
2025-11-20 10:59:51,086 [INFO] Activator:176 - 


2025-11-20 10:59:51,088 [INFO] Activator:177 - !SESSION log4j initialized
2025-11-20 10:59:53,573 [INFO] LogOutputStream:77 - [STDOUT_REDIRECT] 
